   1              		.file	"callwrap.c"
   2              		.text
   3              	.Ltext0:
   4              		.cfi_sections	.debug_frame
   5              		.file 0 "C:/Users/victim/Desktop/dangerous/yuziakicin/UEFI/UEFI/Backend" "C:/Users/victim/Desktop/
   6              	.Letext0:
   7              		.section	.debug_info,"dr"
   8              	.Ldebug_info0:
   9 0000 1E010000 		.long	0x11e
  10 0004 0500     		.word	0x5
  11 0006 01       		.byte	0x1
  12 0007 08       		.byte	0x8
  13 0008 00000000 		.secrel32	.Ldebug_abbrev0
  14 000c 01       		.uleb128 0x1
  15 000d 474E5520 		.ascii "GNU C11 13.2.0 -mno-stack-arg-probe -m64 -mno-red-zone -maccumulate-outgoing-args -mtune=g
  15      43313120 
  15      31332E32 
  15      2E30202D 
  15      6D6E6F2D 
  16 0111 1D       		.byte	0x1d
  17 0112 3F000000 		.secrel32	.LASF0
  18 0116 00000000 		.secrel32	.LASF1
  19 011a 00000000 		.secrel32	.Ldebug_line0
  20 011e 00000000 		.secrel32	.Ldebug_macro0
  21              		.section	.debug_abbrev,"dr"
  22              	.Ldebug_abbrev0:
  23 0000 01       		.uleb128 0x1
  24 0001 11       		.uleb128 0x11
  25 0002 00       		.byte	0
  26 0003 25       		.uleb128 0x25
  27 0004 08       		.uleb128 0x8
  28 0005 13       		.uleb128 0x13
  29 0006 0B       		.uleb128 0xb
  30 0007 03       		.uleb128 0x3
  31 0008 1F       		.uleb128 0x1f
  32 0009 1B       		.uleb128 0x1b
  33 000a 1F       		.uleb128 0x1f
  34 000b 10       		.uleb128 0x10
  35 000c 17       		.uleb128 0x17
  36 000d 79       		.uleb128 0x79
  37 000e 17       		.uleb128 0x17
  38 000f 00       		.byte	0
  39 0010 00       		.byte	0
  40 0011 00       		.byte	0
  41              		.section	.debug_aranges,"dr"
  42 0000 1C000000 		.long	0x1c
  43 0004 0200     		.word	0x2
  44 0006 00000000 		.secrel32	.Ldebug_info0
  45 000a 08       		.byte	0x8
  46 000b 00       		.byte	0
  47 000c 0000     		.word	0
  48 000e 0000     		.word	0
  49 0010 00000000 		.quad	0
  49      00000000 
  50 0018 00000000 		.quad	0
  50      00000000 
  51              		.section	.debug_macro,"dr"
  52              	.Ldebug_macro0:
  53 0000 0500     		.word	0x5
  54 0002 02       		.byte	0x2
  55 0003 00000000 		.secrel32	.Ldebug_line0
  56 0007 01       		.byte	0x1
  57 0008 00       		.uleb128 0
  58 0009 5F5F5354 		.ascii "__STDC__ 1\0"
  58      44435F5F 
  58      203100
  59 0014 01       		.byte	0x1
  60 0015 00       		.uleb128 0
  61 0016 5F5F5354 		.ascii "__STDC_VERSION__ 201112L\0"
  61      44435F56 
  61      45525349 
  61      4F4E5F5F 
  61      20323031 
  62 002f 01       		.byte	0x1
  63 0030 00       		.uleb128 0
  64 0031 5F5F5354 		.ascii "__STDC_UTF_16__ 1\0"
  64      44435F55 
  64      54465F31 
  64      365F5F20 
  64      3100
  65 0043 01       		.byte	0x1
  66 0044 00       		.uleb128 0
  67 0045 5F5F5354 		.ascii "__STDC_UTF_32__ 1\0"
  67      44435F55 
  67      54465F33 
  67      325F5F20 
  67      3100
  68 0057 01       		.byte	0x1
  69 0058 00       		.uleb128 0
  70 0059 5F5F5354 		.ascii "__STDC_HOSTED__ 0\0"
  70      44435F48 
  70      4F535445 
  70      445F5F20 
  70      3000
  71 006b 01       		.byte	0x1
  72 006c 00       		.uleb128 0
  73 006d 5F5F474E 		.ascii "__GNUC__ 13\0"
  73      55435F5F 
  73      20313300 
  74 0079 01       		.byte	0x1
  75 007a 00       		.uleb128 0
  76 007b 5F5F474E 		.ascii "__GNUC_MINOR__ 2\0"
  76      55435F4D 
  76      494E4F52 
  76      5F5F2032 
  76      00
  77 008c 01       		.byte	0x1
  78 008d 00       		.uleb128 0
  79 008e 5F5F474E 		.ascii "__GNUC_PATCHLEVEL__ 0\0"
  79      55435F50 
  79      41544348 
  79      4C455645 
  79      4C5F5F20 
  80 00a4 01       		.byte	0x1
  81 00a5 00       		.uleb128 0
  82 00a6 5F5F5645 		.ascii "__VERSION__ \"13.2.0\"\0"
  82      5253494F 
  82      4E5F5F20 
  82      2231332E 
  82      322E3022 
  83 00bb 01       		.byte	0x1
  84 00bc 00       		.uleb128 0
  85 00bd 5F5F4154 		.ascii "__ATOMIC_RELAXED 0\0"
  85      4F4D4943 
  85      5F52454C 
  85      41584544 
  85      203000
  86 00d0 01       		.byte	0x1
  87 00d1 00       		.uleb128 0
  88 00d2 5F5F4154 		.ascii "__ATOMIC_SEQ_CST 5\0"
  88      4F4D4943 
  88      5F534551 
  88      5F435354 
  88      203500
  89 00e5 01       		.byte	0x1
  90 00e6 00       		.uleb128 0
  91 00e7 5F5F4154 		.ascii "__ATOMIC_ACQUIRE 2\0"
  91      4F4D4943 
  91      5F414351 
  91      55495245 
  91      203200
  92 00fa 01       		.byte	0x1
  93 00fb 00       		.uleb128 0
  94 00fc 5F5F4154 		.ascii "__ATOMIC_RELEASE 3\0"
  94      4F4D4943 
  94      5F52454C 
  94      45415345 
  94      203300
  95 010f 01       		.byte	0x1
  96 0110 00       		.uleb128 0
  97 0111 5F5F4154 		.ascii "__ATOMIC_ACQ_REL 4\0"
  97      4F4D4943 
  97      5F414351 
  97      5F52454C 
  97      203400
  98 0124 01       		.byte	0x1
  99 0125 00       		.uleb128 0
 100 0126 5F5F4154 		.ascii "__ATOMIC_CONSUME 1\0"
 100      4F4D4943 
 100      5F434F4E 
 100      53554D45 
 100      203100
 101 0139 01       		.byte	0x1
 102 013a 00       		.uleb128 0
 103 013b 5F5F7069 		.ascii "__pic__ 1\0"
 103      635F5F20 
 103      3100
 104 0145 01       		.byte	0x1
 105 0146 00       		.uleb128 0
 106 0147 5F5F5049 		.ascii "__PIC__ 1\0"
 106      435F5F20 
 106      3100
 107 0151 01       		.byte	0x1
 108 0152 00       		.uleb128 0
 109 0153 5F5F4F50 		.ascii "__OPTIMIZE__ 1\0"
 109      54494D49 
 109      5A455F5F 
 109      203100
 110 0162 01       		.byte	0x1
 111 0163 00       		.uleb128 0
 112 0164 5F5F4649 		.ascii "__FINITE_MATH_ONLY__ 0\0"
 112      4E495445 
 112      5F4D4154 
 112      485F4F4E 
 112      4C595F5F 
 113 017b 01       		.byte	0x1
 114 017c 00       		.uleb128 0
 115 017d 5F5F5349 		.ascii "__SIZEOF_INT__ 4\0"
 115      5A454F46 
 115      5F494E54 
 115      5F5F2034 
 115      00
 116 018e 01       		.byte	0x1
 117 018f 00       		.uleb128 0
 118 0190 5F5F5349 		.ascii "__SIZEOF_LONG__ 4\0"
 118      5A454F46 
 118      5F4C4F4E 
 118      475F5F20 
 118      3400
 119 01a2 01       		.byte	0x1
 120 01a3 00       		.uleb128 0
 121 01a4 5F5F5349 		.ascii "__SIZEOF_LONG_LONG__ 8\0"
 121      5A454F46 
 121      5F4C4F4E 
 121      475F4C4F 
 121      4E475F5F 
 122 01bb 01       		.byte	0x1
 123 01bc 00       		.uleb128 0
 124 01bd 5F5F5349 		.ascii "__SIZEOF_SHORT__ 2\0"
 124      5A454F46 
 124      5F53484F 
 124      52545F5F 
 124      203200
 125 01d0 01       		.byte	0x1
 126 01d1 00       		.uleb128 0
 127 01d2 5F5F5349 		.ascii "__SIZEOF_FLOAT__ 4\0"
 127      5A454F46 
 127      5F464C4F 
 127      41545F5F 
 127      203400
 128 01e5 01       		.byte	0x1
 129 01e6 00       		.uleb128 0
 130 01e7 5F5F5349 		.ascii "__SIZEOF_DOUBLE__ 8\0"
 130      5A454F46 
 130      5F444F55 
 130      424C455F 
 130      5F203800 
 131 01fb 01       		.byte	0x1
 132 01fc 00       		.uleb128 0
 133 01fd 5F5F5349 		.ascii "__SIZEOF_LONG_DOUBLE__ 16\0"
 133      5A454F46 
 133      5F4C4F4E 
 133      475F444F 
 133      55424C45 
 134 0217 01       		.byte	0x1
 135 0218 00       		.uleb128 0
 136 0219 5F5F5349 		.ascii "__SIZEOF_SIZE_T__ 8\0"
 136      5A454F46 
 136      5F53495A 
 136      455F545F 
 136      5F203800 
 137 022d 01       		.byte	0x1
 138 022e 00       		.uleb128 0
 139 022f 5F5F4348 		.ascii "__CHAR_BIT__ 8\0"
 139      41525F42 
 139      49545F5F 
 139      203800
 140 023e 01       		.byte	0x1
 141 023f 00       		.uleb128 0
 142 0240 5F5F4249 		.ascii "__BIGGEST_ALIGNMENT__ 16\0"
 142      47474553 
 142      545F414C 
 142      49474E4D 
 142      454E545F 
 143 0259 01       		.byte	0x1
 144 025a 00       		.uleb128 0
 145 025b 5F5F4F52 		.ascii "__ORDER_LITTLE_ENDIAN__ 1234\0"
 145      4445525F 
 145      4C495454 
 145      4C455F45 
 145      4E444941 
 146 0278 01       		.byte	0x1
 147 0279 00       		.uleb128 0
 148 027a 5F5F4F52 		.ascii "__ORDER_BIG_ENDIAN__ 4321\0"
 148      4445525F 
 148      4249475F 
 148      454E4449 
 148      414E5F5F 
 149 0294 01       		.byte	0x1
 150 0295 00       		.uleb128 0
 151 0296 5F5F4F52 		.ascii "__ORDER_PDP_ENDIAN__ 3412\0"
 151      4445525F 
 151      5044505F 
 151      454E4449 
 151      414E5F5F 
 152 02b0 01       		.byte	0x1
 153 02b1 00       		.uleb128 0
 154 02b2 5F5F4259 		.ascii "__BYTE_ORDER__ __ORDER_LITTLE_ENDIAN__\0"
 154      54455F4F 
 154      52444552 
 154      5F5F205F 
 154      5F4F5244 
 155 02d9 01       		.byte	0x1
 156 02da 00       		.uleb128 0
 157 02db 5F5F464C 		.ascii "__FLOAT_WORD_ORDER__ __ORDER_LITTLE_ENDIAN__\0"
 157      4F41545F 
 157      574F5244 
 157      5F4F5244 
 157      45525F5F 
 158 0308 01       		.byte	0x1
 159 0309 00       		.uleb128 0
 160 030a 5F5F5349 		.ascii "__SIZEOF_POINTER__ 8\0"
 160      5A454F46 
 160      5F504F49 
 160      4E544552 
 160      5F5F2038 
 161 031f 01       		.byte	0x1
 162 0320 00       		.uleb128 0
 163 0321 5F5F474E 		.ascii "__GNUC_EXECUTION_CHARSET_NAME \"UTF-8\"\0"
 163      55435F45 
 163      58454355 
 163      54494F4E 
 163      5F434841 
 164 0347 01       		.byte	0x1
 165 0348 00       		.uleb128 0
 166 0349 5F5F474E 		.ascii "__GNUC_WIDE_EXECUTION_CHARSET_NAME \"UTF-16LE\"\0"
 166      55435F57 
 166      4944455F 
 166      45584543 
 166      5554494F 
 167 0377 01       		.byte	0x1
 168 0378 00       		.uleb128 0
 169 0379 5F5F5349 		.ascii "__SIZE_TYPE__ long long unsigned int\0"
 169      5A455F54 
 169      5950455F 
 169      5F206C6F 
 169      6E67206C 
 170 039e 01       		.byte	0x1
 171 039f 00       		.uleb128 0
 172 03a0 5F5F5054 		.ascii "__PTRDIFF_TYPE__ long long int\0"
 172      52444946 
 172      465F5459 
 172      50455F5F 
 172      206C6F6E 
 173 03bf 01       		.byte	0x1
 174 03c0 00       		.uleb128 0
 175 03c1 5F5F5743 		.ascii "__WCHAR_TYPE__ short unsigned int\0"
 175      4841525F 
 175      54595045 
 175      5F5F2073 
 175      686F7274 
 176 03e3 01       		.byte	0x1
 177 03e4 00       		.uleb128 0
 178 03e5 5F5F5749 		.ascii "__WINT_TYPE__ short unsigned int\0"
 178      4E545F54 
 178      5950455F 
 178      5F207368 
 178      6F727420 
 179 0406 01       		.byte	0x1
 180 0407 00       		.uleb128 0
 181 0408 5F5F494E 		.ascii "__INTMAX_TYPE__ long long int\0"
 181      544D4158 
 181      5F545950 
 181      455F5F20 
 181      6C6F6E67 
 182 0426 01       		.byte	0x1
 183 0427 00       		.uleb128 0
 184 0428 5F5F5549 		.ascii "__UINTMAX_TYPE__ long long unsigned int\0"
 184      4E544D41 
 184      585F5459 
 184      50455F5F 
 184      206C6F6E 
 185 0450 01       		.byte	0x1
 186 0451 00       		.uleb128 0
 187 0452 5F5F4348 		.ascii "__CHAR16_TYPE__ short unsigned int\0"
 187      41523136 
 187      5F545950 
 187      455F5F20 
 187      73686F72 
 188 0475 01       		.byte	0x1
 189 0476 00       		.uleb128 0
 190 0477 5F5F4348 		.ascii "__CHAR32_TYPE__ unsigned int\0"
 190      41523332 
 190      5F545950 
 190      455F5F20 
 190      756E7369 
 191 0494 01       		.byte	0x1
 192 0495 00       		.uleb128 0
 193 0496 5F5F5349 		.ascii "__SIG_ATOMIC_TYPE__ int\0"
 193      475F4154 
 193      4F4D4943 
 193      5F545950 
 193      455F5F20 
 194 04ae 01       		.byte	0x1
 195 04af 00       		.uleb128 0
 196 04b0 5F5F494E 		.ascii "__INT8_TYPE__ signed char\0"
 196      54385F54 
 196      5950455F 
 196      5F207369 
 196      676E6564 
 197 04ca 01       		.byte	0x1
 198 04cb 00       		.uleb128 0
 199 04cc 5F5F494E 		.ascii "__INT16_TYPE__ short int\0"
 199      5431365F 
 199      54595045 
 199      5F5F2073 
 199      686F7274 
 200 04e5 01       		.byte	0x1
 201 04e6 00       		.uleb128 0
 202 04e7 5F5F494E 		.ascii "__INT32_TYPE__ int\0"
 202      5433325F 
 202      54595045 
 202      5F5F2069 
 202      6E7400
 203 04fa 01       		.byte	0x1
 204 04fb 00       		.uleb128 0
 205 04fc 5F5F494E 		.ascii "__INT64_TYPE__ long long int\0"
 205      5436345F 
 205      54595045 
 205      5F5F206C 
 205      6F6E6720 
 206 0519 01       		.byte	0x1
 207 051a 00       		.uleb128 0
 208 051b 5F5F5549 		.ascii "__UINT8_TYPE__ unsigned char\0"
 208      4E54385F 
 208      54595045 
 208      5F5F2075 
 208      6E736967 
 209 0538 01       		.byte	0x1
 210 0539 00       		.uleb128 0
 211 053a 5F5F5549 		.ascii "__UINT16_TYPE__ short unsigned int\0"
 211      4E543136 
 211      5F545950 
 211      455F5F20 
 211      73686F72 
 212 055d 01       		.byte	0x1
 213 055e 00       		.uleb128 0
 214 055f 5F5F5549 		.ascii "__UINT32_TYPE__ unsigned int\0"
 214      4E543332 
 214      5F545950 
 214      455F5F20 
 214      756E7369 
 215 057c 01       		.byte	0x1
 216 057d 00       		.uleb128 0
 217 057e 5F5F5549 		.ascii "__UINT64_TYPE__ long long unsigned int\0"
 217      4E543634 
 217      5F545950 
 217      455F5F20 
 217      6C6F6E67 
 218 05a5 01       		.byte	0x1
 219 05a6 00       		.uleb128 0
 220 05a7 5F5F494E 		.ascii "__INT_LEAST8_TYPE__ signed char\0"
 220      545F4C45 
 220      41535438 
 220      5F545950 
 220      455F5F20 
 221 05c7 01       		.byte	0x1
 222 05c8 00       		.uleb128 0
 223 05c9 5F5F494E 		.ascii "__INT_LEAST16_TYPE__ short int\0"
 223      545F4C45 
 223      41535431 
 223      365F5459 
 223      50455F5F 
 224 05e8 01       		.byte	0x1
 225 05e9 00       		.uleb128 0
 226 05ea 5F5F494E 		.ascii "__INT_LEAST32_TYPE__ int\0"
 226      545F4C45 
 226      41535433 
 226      325F5459 
 226      50455F5F 
 227 0603 01       		.byte	0x1
 228 0604 00       		.uleb128 0
 229 0605 5F5F494E 		.ascii "__INT_LEAST64_TYPE__ long long int\0"
 229      545F4C45 
 229      41535436 
 229      345F5459 
 229      50455F5F 
 230 0628 01       		.byte	0x1
 231 0629 00       		.uleb128 0
 232 062a 5F5F5549 		.ascii "__UINT_LEAST8_TYPE__ unsigned char\0"
 232      4E545F4C 
 232      45415354 
 232      385F5459 
 232      50455F5F 
 233 064d 01       		.byte	0x1
 234 064e 00       		.uleb128 0
 235 064f 5F5F5549 		.ascii "__UINT_LEAST16_TYPE__ short unsigned int\0"
 235      4E545F4C 
 235      45415354 
 235      31365F54 
 235      5950455F 
 236 0678 01       		.byte	0x1
 237 0679 00       		.uleb128 0
 238 067a 5F5F5549 		.ascii "__UINT_LEAST32_TYPE__ unsigned int\0"
 238      4E545F4C 
 238      45415354 
 238      33325F54 
 238      5950455F 
 239 069d 01       		.byte	0x1
 240 069e 00       		.uleb128 0
 241 069f 5F5F5549 		.ascii "__UINT_LEAST64_TYPE__ long long unsigned int\0"
 241      4E545F4C 
 241      45415354 
 241      36345F54 
 241      5950455F 
 242 06cc 01       		.byte	0x1
 243 06cd 00       		.uleb128 0
 244 06ce 5F5F494E 		.ascii "__INT_FAST8_TYPE__ signed char\0"
 244      545F4641 
 244      5354385F 
 244      54595045 
 244      5F5F2073 
 245 06ed 01       		.byte	0x1
 246 06ee 00       		.uleb128 0
 247 06ef 5F5F494E 		.ascii "__INT_FAST16_TYPE__ short int\0"
 247      545F4641 
 247      53543136 
 247      5F545950 
 247      455F5F20 
 248 070d 01       		.byte	0x1
 249 070e 00       		.uleb128 0
 250 070f 5F5F494E 		.ascii "__INT_FAST32_TYPE__ int\0"
 250      545F4641 
 250      53543332 
 250      5F545950 
 250      455F5F20 
 251 0727 01       		.byte	0x1
 252 0728 00       		.uleb128 0
 253 0729 5F5F494E 		.ascii "__INT_FAST64_TYPE__ long long int\0"
 253      545F4641 
 253      53543634 
 253      5F545950 
 253      455F5F20 
 254 074b 01       		.byte	0x1
 255 074c 00       		.uleb128 0
 256 074d 5F5F5549 		.ascii "__UINT_FAST8_TYPE__ unsigned char\0"
 256      4E545F46 
 256      41535438 
 256      5F545950 
 256      455F5F20 
 257 076f 01       		.byte	0x1
 258 0770 00       		.uleb128 0
 259 0771 5F5F5549 		.ascii "__UINT_FAST16_TYPE__ short unsigned int\0"
 259      4E545F46 
 259      41535431 
 259      365F5459 
 259      50455F5F 
 260 0799 01       		.byte	0x1
 261 079a 00       		.uleb128 0
 262 079b 5F5F5549 		.ascii "__UINT_FAST32_TYPE__ unsigned int\0"
 262      4E545F46 
 262      41535433 
 262      325F5459 
 262      50455F5F 
 263 07bd 01       		.byte	0x1
 264 07be 00       		.uleb128 0
 265 07bf 5F5F5549 		.ascii "__UINT_FAST64_TYPE__ long long unsigned int\0"
 265      4E545F46 
 265      41535436 
 265      345F5459 
 265      50455F5F 
 266 07eb 01       		.byte	0x1
 267 07ec 00       		.uleb128 0
 268 07ed 5F5F494E 		.ascii "__INTPTR_TYPE__ long long int\0"
 268      54505452 
 268      5F545950 
 268      455F5F20 
 268      6C6F6E67 
 269 080b 01       		.byte	0x1
 270 080c 00       		.uleb128 0
 271 080d 5F5F5549 		.ascii "__UINTPTR_TYPE__ long long unsigned int\0"
 271      4E545054 
 271      525F5459 
 271      50455F5F 
 271      206C6F6E 
 272 0835 01       		.byte	0x1
 273 0836 00       		.uleb128 0
 274 0837 5F5F4758 		.ascii "__GXX_ABI_VERSION 1018\0"
 274      585F4142 
 274      495F5645 
 274      5253494F 
 274      4E203130 
 275 084e 01       		.byte	0x1
 276 084f 00       		.uleb128 0
 277 0850 5F5F5343 		.ascii "__SCHAR_MAX__ 0x7f\0"
 277      4841525F 
 277      4D41585F 
 277      5F203078 
 277      376600
 278 0863 01       		.byte	0x1
 279 0864 00       		.uleb128 0
 280 0865 5F5F5348 		.ascii "__SHRT_MAX__ 0x7fff\0"
 280      52545F4D 
 280      41585F5F 
 280      20307837 
 280      66666600 
 281 0879 01       		.byte	0x1
 282 087a 00       		.uleb128 0
 283 087b 5F5F494E 		.ascii "__INT_MAX__ 0x7fffffff\0"
 283      545F4D41 
 283      585F5F20 
 283      30783766 
 283      66666666 
 284 0892 01       		.byte	0x1
 285 0893 00       		.uleb128 0
 286 0894 5F5F4C4F 		.ascii "__LONG_MAX__ 0x7fffffffL\0"
 286      4E475F4D 
 286      41585F5F 
 286      20307837 
 286      66666666 
 287 08ad 01       		.byte	0x1
 288 08ae 00       		.uleb128 0
 289 08af 5F5F4C4F 		.ascii "__LONG_LONG_MAX__ 0x7fffffffffffffffLL\0"
 289      4E475F4C 
 289      4F4E475F 
 289      4D41585F 
 289      5F203078 
 290 08d6 01       		.byte	0x1
 291 08d7 00       		.uleb128 0
 292 08d8 5F5F5743 		.ascii "__WCHAR_MAX__ 0xffff\0"
 292      4841525F 
 292      4D41585F 
 292      5F203078 
 292      66666666 
 293 08ed 01       		.byte	0x1
 294 08ee 00       		.uleb128 0
 295 08ef 5F5F5743 		.ascii "__WCHAR_MIN__ 0\0"
 295      4841525F 
 295      4D494E5F 
 295      5F203000 
 296 08ff 01       		.byte	0x1
 297 0900 00       		.uleb128 0
 298 0901 5F5F5749 		.ascii "__WINT_MAX__ 0xffff\0"
 298      4E545F4D 
 298      41585F5F 
 298      20307866 
 298      66666600 
 299 0915 01       		.byte	0x1
 300 0916 00       		.uleb128 0
 301 0917 5F5F5749 		.ascii "__WINT_MIN__ 0\0"
 301      4E545F4D 
 301      494E5F5F 
 301      203000
 302 0926 01       		.byte	0x1
 303 0927 00       		.uleb128 0
 304 0928 5F5F5054 		.ascii "__PTRDIFF_MAX__ 0x7fffffffffffffffLL\0"
 304      52444946 
 304      465F4D41 
 304      585F5F20 
 304      30783766 
 305 094d 01       		.byte	0x1
 306 094e 00       		.uleb128 0
 307 094f 5F5F5349 		.ascii "__SIZE_MAX__ 0xffffffffffffffffULL\0"
 307      5A455F4D 
 307      41585F5F 
 307      20307866 
 307      66666666 
 308 0972 01       		.byte	0x1
 309 0973 00       		.uleb128 0
 310 0974 5F5F5343 		.ascii "__SCHAR_WIDTH__ 8\0"
 310      4841525F 
 310      57494454 
 310      485F5F20 
 310      3800
 311 0986 01       		.byte	0x1
 312 0987 00       		.uleb128 0
 313 0988 5F5F5348 		.ascii "__SHRT_WIDTH__ 16\0"
 313      52545F57 
 313      49445448 
 313      5F5F2031 
 313      3600
 314 099a 01       		.byte	0x1
 315 099b 00       		.uleb128 0
 316 099c 5F5F494E 		.ascii "__INT_WIDTH__ 32\0"
 316      545F5749 
 316      4454485F 
 316      5F203332 
 316      00
 317 09ad 01       		.byte	0x1
 318 09ae 00       		.uleb128 0
 319 09af 5F5F4C4F 		.ascii "__LONG_WIDTH__ 32\0"
 319      4E475F57 
 319      49445448 
 319      5F5F2033 
 319      3200
 320 09c1 01       		.byte	0x1
 321 09c2 00       		.uleb128 0
 322 09c3 5F5F4C4F 		.ascii "__LONG_LONG_WIDTH__ 64\0"
 322      4E475F4C 
 322      4F4E475F 
 322      57494454 
 322      485F5F20 
 323 09da 01       		.byte	0x1
 324 09db 00       		.uleb128 0
 325 09dc 5F5F5743 		.ascii "__WCHAR_WIDTH__ 16\0"
 325      4841525F 
 325      57494454 
 325      485F5F20 
 325      313600
 326 09ef 01       		.byte	0x1
 327 09f0 00       		.uleb128 0
 328 09f1 5F5F5749 		.ascii "__WINT_WIDTH__ 16\0"
 328      4E545F57 
 328      49445448 
 328      5F5F2031 
 328      3600
 329 0a03 01       		.byte	0x1
 330 0a04 00       		.uleb128 0
 331 0a05 5F5F5054 		.ascii "__PTRDIFF_WIDTH__ 64\0"
 331      52444946 
 331      465F5749 
 331      4454485F 
 331      5F203634 
 332 0a1a 01       		.byte	0x1
 333 0a1b 00       		.uleb128 0
 334 0a1c 5F5F5349 		.ascii "__SIZE_WIDTH__ 64\0"
 334      5A455F57 
 334      49445448 
 334      5F5F2036 
 334      3400
 335 0a2e 01       		.byte	0x1
 336 0a2f 00       		.uleb128 0
 337 0a30 5F5F494E 		.ascii "__INTMAX_MAX__ 0x7fffffffffffffffLL\0"
 337      544D4158 
 337      5F4D4158 
 337      5F5F2030 
 337      78376666 
 338 0a54 01       		.byte	0x1
 339 0a55 00       		.uleb128 0
 340 0a56 5F5F494E 		.ascii "__INTMAX_C(c) c ## LL\0"
 340      544D4158 
 340      5F432863 
 340      29206320 
 340      2323204C 
 341 0a6c 01       		.byte	0x1
 342 0a6d 00       		.uleb128 0
 343 0a6e 5F5F5549 		.ascii "__UINTMAX_MAX__ 0xffffffffffffffffULL\0"
 343      4E544D41 
 343      585F4D41 
 343      585F5F20 
 343      30786666 
 344 0a94 01       		.byte	0x1
 345 0a95 00       		.uleb128 0
 346 0a96 5F5F5549 		.ascii "__UINTMAX_C(c) c ## ULL\0"
 346      4E544D41 
 346      585F4328 
 346      63292063 
 346      20232320 
 347 0aae 01       		.byte	0x1
 348 0aaf 00       		.uleb128 0
 349 0ab0 5F5F494E 		.ascii "__INTMAX_WIDTH__ 64\0"
 349      544D4158 
 349      5F574944 
 349      54485F5F 
 349      20363400 
 350 0ac4 01       		.byte	0x1
 351 0ac5 00       		.uleb128 0
 352 0ac6 5F5F5349 		.ascii "__SIG_ATOMIC_MAX__ 0x7fffffff\0"
 352      475F4154 
 352      4F4D4943 
 352      5F4D4158 
 352      5F5F2030 
 353 0ae4 01       		.byte	0x1
 354 0ae5 00       		.uleb128 0
 355 0ae6 5F5F5349 		.ascii "__SIG_ATOMIC_MIN__ (-__SIG_ATOMIC_MAX__ - 1)\0"
 355      475F4154 
 355      4F4D4943 
 355      5F4D494E 
 355      5F5F2028 
 356 0b13 01       		.byte	0x1
 357 0b14 00       		.uleb128 0
 358 0b15 5F5F5349 		.ascii "__SIG_ATOMIC_WIDTH__ 32\0"
 358      475F4154 
 358      4F4D4943 
 358      5F574944 
 358      54485F5F 
 359 0b2d 01       		.byte	0x1
 360 0b2e 00       		.uleb128 0
 361 0b2f 5F5F494E 		.ascii "__INT8_MAX__ 0x7f\0"
 361      54385F4D 
 361      41585F5F 
 361      20307837 
 361      6600
 362 0b41 01       		.byte	0x1
 363 0b42 00       		.uleb128 0
 364 0b43 5F5F494E 		.ascii "__INT16_MAX__ 0x7fff\0"
 364      5431365F 
 364      4D41585F 
 364      5F203078 
 364      37666666 
 365 0b58 01       		.byte	0x1
 366 0b59 00       		.uleb128 0
 367 0b5a 5F5F494E 		.ascii "__INT32_MAX__ 0x7fffffff\0"
 367      5433325F 
 367      4D41585F 
 367      5F203078 
 367      37666666 
 368 0b73 01       		.byte	0x1
 369 0b74 00       		.uleb128 0
 370 0b75 5F5F494E 		.ascii "__INT64_MAX__ 0x7fffffffffffffffLL\0"
 370      5436345F 
 370      4D41585F 
 370      5F203078 
 370      37666666 
 371 0b98 01       		.byte	0x1
 372 0b99 00       		.uleb128 0
 373 0b9a 5F5F5549 		.ascii "__UINT8_MAX__ 0xff\0"
 373      4E54385F 
 373      4D41585F 
 373      5F203078 
 373      666600
 374 0bad 01       		.byte	0x1
 375 0bae 00       		.uleb128 0
 376 0baf 5F5F5549 		.ascii "__UINT16_MAX__ 0xffff\0"
 376      4E543136 
 376      5F4D4158 
 376      5F5F2030 
 376      78666666 
 377 0bc5 01       		.byte	0x1
 378 0bc6 00       		.uleb128 0
 379 0bc7 5F5F5549 		.ascii "__UINT32_MAX__ 0xffffffffU\0"
 379      4E543332 
 379      5F4D4158 
 379      5F5F2030 
 379      78666666 
 380 0be2 01       		.byte	0x1
 381 0be3 00       		.uleb128 0
 382 0be4 5F5F5549 		.ascii "__UINT64_MAX__ 0xffffffffffffffffULL\0"
 382      4E543634 
 382      5F4D4158 
 382      5F5F2030 
 382      78666666 
 383 0c09 01       		.byte	0x1
 384 0c0a 00       		.uleb128 0
 385 0c0b 5F5F494E 		.ascii "__INT_LEAST8_MAX__ 0x7f\0"
 385      545F4C45 
 385      41535438 
 385      5F4D4158 
 385      5F5F2030 
 386 0c23 01       		.byte	0x1
 387 0c24 00       		.uleb128 0
 388 0c25 5F5F494E 		.ascii "__INT8_C(c) c\0"
 388      54385F43 
 388      28632920 
 388      6300
 389 0c33 01       		.byte	0x1
 390 0c34 00       		.uleb128 0
 391 0c35 5F5F494E 		.ascii "__INT_LEAST8_WIDTH__ 8\0"
 391      545F4C45 
 391      41535438 
 391      5F574944 
 391      54485F5F 
 392 0c4c 01       		.byte	0x1
 393 0c4d 00       		.uleb128 0
 394 0c4e 5F5F494E 		.ascii "__INT_LEAST16_MAX__ 0x7fff\0"
 394      545F4C45 
 394      41535431 
 394      365F4D41 
 394      585F5F20 
 395 0c69 01       		.byte	0x1
 396 0c6a 00       		.uleb128 0
 397 0c6b 5F5F494E 		.ascii "__INT16_C(c) c\0"
 397      5431365F 
 397      43286329 
 397      206300
 398 0c7a 01       		.byte	0x1
 399 0c7b 00       		.uleb128 0
 400 0c7c 5F5F494E 		.ascii "__INT_LEAST16_WIDTH__ 16\0"
 400      545F4C45 
 400      41535431 
 400      365F5749 
 400      4454485F 
 401 0c95 01       		.byte	0x1
 402 0c96 00       		.uleb128 0
 403 0c97 5F5F494E 		.ascii "__INT_LEAST32_MAX__ 0x7fffffff\0"
 403      545F4C45 
 403      41535433 
 403      325F4D41 
 403      585F5F20 
 404 0cb6 01       		.byte	0x1
 405 0cb7 00       		.uleb128 0
 406 0cb8 5F5F494E 		.ascii "__INT32_C(c) c\0"
 406      5433325F 
 406      43286329 
 406      206300
 407 0cc7 01       		.byte	0x1
 408 0cc8 00       		.uleb128 0
 409 0cc9 5F5F494E 		.ascii "__INT_LEAST32_WIDTH__ 32\0"
 409      545F4C45 
 409      41535433 
 409      325F5749 
 409      4454485F 
 410 0ce2 01       		.byte	0x1
 411 0ce3 00       		.uleb128 0
 412 0ce4 5F5F494E 		.ascii "__INT_LEAST64_MAX__ 0x7fffffffffffffffLL\0"
 412      545F4C45 
 412      41535436 
 412      345F4D41 
 412      585F5F20 
 413 0d0d 01       		.byte	0x1
 414 0d0e 00       		.uleb128 0
 415 0d0f 5F5F494E 		.ascii "__INT64_C(c) c ## LL\0"
 415      5436345F 
 415      43286329 
 415      20632023 
 415      23204C4C 
 416 0d24 01       		.byte	0x1
 417 0d25 00       		.uleb128 0
 418 0d26 5F5F494E 		.ascii "__INT_LEAST64_WIDTH__ 64\0"
 418      545F4C45 
 418      41535436 
 418      345F5749 
 418      4454485F 
 419 0d3f 01       		.byte	0x1
 420 0d40 00       		.uleb128 0
 421 0d41 5F5F5549 		.ascii "__UINT_LEAST8_MAX__ 0xff\0"
 421      4E545F4C 
 421      45415354 
 421      385F4D41 
 421      585F5F20 
 422 0d5a 01       		.byte	0x1
 423 0d5b 00       		.uleb128 0
 424 0d5c 5F5F5549 		.ascii "__UINT8_C(c) c\0"
 424      4E54385F 
 424      43286329 
 424      206300
 425 0d6b 01       		.byte	0x1
 426 0d6c 00       		.uleb128 0
 427 0d6d 5F5F5549 		.ascii "__UINT_LEAST16_MAX__ 0xffff\0"
 427      4E545F4C 
 427      45415354 
 427      31365F4D 
 427      41585F5F 
 428 0d89 01       		.byte	0x1
 429 0d8a 00       		.uleb128 0
 430 0d8b 5F5F5549 		.ascii "__UINT16_C(c) c\0"
 430      4E543136 
 430      5F432863 
 430      29206300 
 431 0d9b 01       		.byte	0x1
 432 0d9c 00       		.uleb128 0
 433 0d9d 5F5F5549 		.ascii "__UINT_LEAST32_MAX__ 0xffffffffU\0"
 433      4E545F4C 
 433      45415354 
 433      33325F4D 
 433      41585F5F 
 434 0dbe 01       		.byte	0x1
 435 0dbf 00       		.uleb128 0
 436 0dc0 5F5F5549 		.ascii "__UINT32_C(c) c ## U\0"
 436      4E543332 
 436      5F432863 
 436      29206320 
 436      23232055 
 437 0dd5 01       		.byte	0x1
 438 0dd6 00       		.uleb128 0
 439 0dd7 5F5F5549 		.ascii "__UINT_LEAST64_MAX__ 0xffffffffffffffffULL\0"
 439      4E545F4C 
 439      45415354 
 439      36345F4D 
 439      41585F5F 
 440 0e02 01       		.byte	0x1
 441 0e03 00       		.uleb128 0
 442 0e04 5F5F5549 		.ascii "__UINT64_C(c) c ## ULL\0"
 442      4E543634 
 442      5F432863 
 442      29206320 
 442      23232055 
 443 0e1b 01       		.byte	0x1
 444 0e1c 00       		.uleb128 0
 445 0e1d 5F5F494E 		.ascii "__INT_FAST8_MAX__ 0x7f\0"
 445      545F4641 
 445      5354385F 
 445      4D41585F 
 445      5F203078 
 446 0e34 01       		.byte	0x1
 447 0e35 00       		.uleb128 0
 448 0e36 5F5F494E 		.ascii "__INT_FAST8_WIDTH__ 8\0"
 448      545F4641 
 448      5354385F 
 448      57494454 
 448      485F5F20 
 449 0e4c 01       		.byte	0x1
 450 0e4d 00       		.uleb128 0
 451 0e4e 5F5F494E 		.ascii "__INT_FAST16_MAX__ 0x7fff\0"
 451      545F4641 
 451      53543136 
 451      5F4D4158 
 451      5F5F2030 
 452 0e68 01       		.byte	0x1
 453 0e69 00       		.uleb128 0
 454 0e6a 5F5F494E 		.ascii "__INT_FAST16_WIDTH__ 16\0"
 454      545F4641 
 454      53543136 
 454      5F574944 
 454      54485F5F 
 455 0e82 01       		.byte	0x1
 456 0e83 00       		.uleb128 0
 457 0e84 5F5F494E 		.ascii "__INT_FAST32_MAX__ 0x7fffffff\0"
 457      545F4641 
 457      53543332 
 457      5F4D4158 
 457      5F5F2030 
 458 0ea2 01       		.byte	0x1
 459 0ea3 00       		.uleb128 0
 460 0ea4 5F5F494E 		.ascii "__INT_FAST32_WIDTH__ 32\0"
 460      545F4641 
 460      53543332 
 460      5F574944 
 460      54485F5F 
 461 0ebc 01       		.byte	0x1
 462 0ebd 00       		.uleb128 0
 463 0ebe 5F5F494E 		.ascii "__INT_FAST64_MAX__ 0x7fffffffffffffffLL\0"
 463      545F4641 
 463      53543634 
 463      5F4D4158 
 463      5F5F2030 
 464 0ee6 01       		.byte	0x1
 465 0ee7 00       		.uleb128 0
 466 0ee8 5F5F494E 		.ascii "__INT_FAST64_WIDTH__ 64\0"
 466      545F4641 
 466      53543634 
 466      5F574944 
 466      54485F5F 
 467 0f00 01       		.byte	0x1
 468 0f01 00       		.uleb128 0
 469 0f02 5F5F5549 		.ascii "__UINT_FAST8_MAX__ 0xff\0"
 469      4E545F46 
 469      41535438 
 469      5F4D4158 
 469      5F5F2030 
 470 0f1a 01       		.byte	0x1
 471 0f1b 00       		.uleb128 0
 472 0f1c 5F5F5549 		.ascii "__UINT_FAST16_MAX__ 0xffff\0"
 472      4E545F46 
 472      41535431 
 472      365F4D41 
 472      585F5F20 
 473 0f37 01       		.byte	0x1
 474 0f38 00       		.uleb128 0
 475 0f39 5F5F5549 		.ascii "__UINT_FAST32_MAX__ 0xffffffffU\0"
 475      4E545F46 
 475      41535433 
 475      325F4D41 
 475      585F5F20 
 476 0f59 01       		.byte	0x1
 477 0f5a 00       		.uleb128 0
 478 0f5b 5F5F5549 		.ascii "__UINT_FAST64_MAX__ 0xffffffffffffffffULL\0"
 478      4E545F46 
 478      41535436 
 478      345F4D41 
 478      585F5F20 
 479 0f85 01       		.byte	0x1
 480 0f86 00       		.uleb128 0
 481 0f87 5F5F494E 		.ascii "__INTPTR_MAX__ 0x7fffffffffffffffLL\0"
 481      54505452 
 481      5F4D4158 
 481      5F5F2030 
 481      78376666 
 482 0fab 01       		.byte	0x1
 483 0fac 00       		.uleb128 0
 484 0fad 5F5F494E 		.ascii "__INTPTR_WIDTH__ 64\0"
 484      54505452 
 484      5F574944 
 484      54485F5F 
 484      20363400 
 485 0fc1 01       		.byte	0x1
 486 0fc2 00       		.uleb128 0
 487 0fc3 5F5F5549 		.ascii "__UINTPTR_MAX__ 0xffffffffffffffffULL\0"
 487      4E545054 
 487      525F4D41 
 487      585F5F20 
 487      30786666 
 488 0fe9 01       		.byte	0x1
 489 0fea 00       		.uleb128 0
 490 0feb 5F5F4743 		.ascii "__GCC_IEC_559 2\0"
 490      435F4945 
 490      435F3535 
 490      39203200 
 491 0ffb 01       		.byte	0x1
 492 0ffc 00       		.uleb128 0
 493 0ffd 5F5F4743 		.ascii "__GCC_IEC_559_COMPLEX 2\0"
 493      435F4945 
 493      435F3535 
 493      395F434F 
 493      4D504C45 
 494 1015 01       		.byte	0x1
 495 1016 00       		.uleb128 0
 496 1017 5F5F464C 		.ascii "__FLT_EVAL_METHOD__ 0\0"
 496      545F4556 
 496      414C5F4D 
 496      4554484F 
 496      445F5F20 
 497 102d 01       		.byte	0x1
 498 102e 00       		.uleb128 0
 499 102f 5F5F464C 		.ascii "__FLT_EVAL_METHOD_TS_18661_3__ 0\0"
 499      545F4556 
 499      414C5F4D 
 499      4554484F 
 499      445F5453 
 500 1050 01       		.byte	0x1
 501 1051 00       		.uleb128 0
 502 1052 5F5F4445 		.ascii "__DEC_EVAL_METHOD__ 2\0"
 502      435F4556 
 502      414C5F4D 
 502      4554484F 
 502      445F5F20 
 503 1068 01       		.byte	0x1
 504 1069 00       		.uleb128 0
 505 106a 5F5F464C 		.ascii "__FLT_RADIX__ 2\0"
 505      545F5241 
 505      4449585F 
 505      5F203200 
 506 107a 01       		.byte	0x1
 507 107b 00       		.uleb128 0
 508 107c 5F5F464C 		.ascii "__FLT_MANT_DIG__ 24\0"
 508      545F4D41 
 508      4E545F44 
 508      49475F5F 
 508      20323400 
 509 1090 01       		.byte	0x1
 510 1091 00       		.uleb128 0
 511 1092 5F5F464C 		.ascii "__FLT_DIG__ 6\0"
 511      545F4449 
 511      475F5F20 
 511      3600
 512 10a0 01       		.byte	0x1
 513 10a1 00       		.uleb128 0
 514 10a2 5F5F464C 		.ascii "__FLT_MIN_EXP__ (-125)\0"
 514      545F4D49 
 514      4E5F4558 
 514      505F5F20 
 514      282D3132 
 515 10b9 01       		.byte	0x1
 516 10ba 00       		.uleb128 0
 517 10bb 5F5F464C 		.ascii "__FLT_MIN_10_EXP__ (-37)\0"
 517      545F4D49 
 517      4E5F3130 
 517      5F455850 
 517      5F5F2028 
 518 10d4 01       		.byte	0x1
 519 10d5 00       		.uleb128 0
 520 10d6 5F5F464C 		.ascii "__FLT_MAX_EXP__ 128\0"
 520      545F4D41 
 520      585F4558 
 520      505F5F20 
 520      31323800 
 521 10ea 01       		.byte	0x1
 522 10eb 00       		.uleb128 0
 523 10ec 5F5F464C 		.ascii "__FLT_MAX_10_EXP__ 38\0"
 523      545F4D41 
 523      585F3130 
 523      5F455850 
 523      5F5F2033 
 524 1102 01       		.byte	0x1
 525 1103 00       		.uleb128 0
 526 1104 5F5F464C 		.ascii "__FLT_DECIMAL_DIG__ 9\0"
 526      545F4445 
 526      43494D41 
 526      4C5F4449 
 526      475F5F20 
 527 111a 01       		.byte	0x1
 528 111b 00       		.uleb128 0
 529 111c 5F5F464C 		.ascii "__FLT_MAX__ 3.40282346638528859811704183484516925e+38F\0"
 529      545F4D41 
 529      585F5F20 
 529      332E3430 
 529      32383233 
 530 1153 01       		.byte	0x1
 531 1154 00       		.uleb128 0
 532 1155 5F5F464C 		.ascii "__FLT_NORM_MAX__ 3.40282346638528859811704183484516925e+38F\0"
 532      545F4E4F 
 532      524D5F4D 
 532      41585F5F 
 532      20332E34 
 533 1191 01       		.byte	0x1
 534 1192 00       		.uleb128 0
 535 1193 5F5F464C 		.ascii "__FLT_MIN__ 1.17549435082228750796873653722224568e-38F\0"
 535      545F4D49 
 535      4E5F5F20 
 535      312E3137 
 535      35343934 
 536 11ca 01       		.byte	0x1
 537 11cb 00       		.uleb128 0
 538 11cc 5F5F464C 		.ascii "__FLT_EPSILON__ 1.19209289550781250000000000000000000e-7F\0"
 538      545F4550 
 538      53494C4F 
 538      4E5F5F20 
 538      312E3139 
 539 1206 01       		.byte	0x1
 540 1207 00       		.uleb128 0
 541 1208 5F5F464C 		.ascii "__FLT_DENORM_MIN__ 1.40129846432481707092372958328991613e-45F\0"
 541      545F4445 
 541      4E4F524D 
 541      5F4D494E 
 541      5F5F2031 
 542 1246 01       		.byte	0x1
 543 1247 00       		.uleb128 0
 544 1248 5F5F464C 		.ascii "__FLT_HAS_DENORM__ 1\0"
 544      545F4841 
 544      535F4445 
 544      4E4F524D 
 544      5F5F2031 
 545 125d 01       		.byte	0x1
 546 125e 00       		.uleb128 0
 547 125f 5F5F464C 		.ascii "__FLT_HAS_INFINITY__ 1\0"
 547      545F4841 
 547      535F494E 
 547      46494E49 
 547      54595F5F 
 548 1276 01       		.byte	0x1
 549 1277 00       		.uleb128 0
 550 1278 5F5F464C 		.ascii "__FLT_HAS_QUIET_NAN__ 1\0"
 550      545F4841 
 550      535F5155 
 550      4945545F 
 550      4E414E5F 
 551 1290 01       		.byte	0x1
 552 1291 00       		.uleb128 0
 553 1292 5F5F464C 		.ascii "__FLT_IS_IEC_60559__ 1\0"
 553      545F4953 
 553      5F494543 
 553      5F363035 
 553      35395F5F 
 554 12a9 01       		.byte	0x1
 555 12aa 00       		.uleb128 0
 556 12ab 5F5F4442 		.ascii "__DBL_MANT_DIG__ 53\0"
 556      4C5F4D41 
 556      4E545F44 
 556      49475F5F 
 556      20353300 
 557 12bf 01       		.byte	0x1
 558 12c0 00       		.uleb128 0
 559 12c1 5F5F4442 		.ascii "__DBL_DIG__ 15\0"
 559      4C5F4449 
 559      475F5F20 
 559      313500
 560 12d0 01       		.byte	0x1
 561 12d1 00       		.uleb128 0
 562 12d2 5F5F4442 		.ascii "__DBL_MIN_EXP__ (-1021)\0"
 562      4C5F4D49 
 562      4E5F4558 
 562      505F5F20 
 562      282D3130 
 563 12ea 01       		.byte	0x1
 564 12eb 00       		.uleb128 0
 565 12ec 5F5F4442 		.ascii "__DBL_MIN_10_EXP__ (-307)\0"
 565      4C5F4D49 
 565      4E5F3130 
 565      5F455850 
 565      5F5F2028 
 566 1306 01       		.byte	0x1
 567 1307 00       		.uleb128 0
 568 1308 5F5F4442 		.ascii "__DBL_MAX_EXP__ 1024\0"
 568      4C5F4D41 
 568      585F4558 
 568      505F5F20 
 568      31303234 
 569 131d 01       		.byte	0x1
 570 131e 00       		.uleb128 0
 571 131f 5F5F4442 		.ascii "__DBL_MAX_10_EXP__ 308\0"
 571      4C5F4D41 
 571      585F3130 
 571      5F455850 
 571      5F5F2033 
 572 1336 01       		.byte	0x1
 573 1337 00       		.uleb128 0
 574 1338 5F5F4442 		.ascii "__DBL_DECIMAL_DIG__ 17\0"
 574      4C5F4445 
 574      43494D41 
 574      4C5F4449 
 574      475F5F20 
 575 134f 01       		.byte	0x1
 576 1350 00       		.uleb128 0
 577 1351 5F5F4442 		.ascii "__DBL_MAX__ ((double)1.79769313486231570814527423731704357e+308L)\0"
 577      4C5F4D41 
 577      585F5F20 
 577      2828646F 
 577      75626C65 
 578 1393 01       		.byte	0x1
 579 1394 00       		.uleb128 0
 580 1395 5F5F4442 		.ascii "__DBL_NORM_MAX__ ((double)1.79769313486231570814527423731704357e+308L)\0"
 580      4C5F4E4F 
 580      524D5F4D 
 580      41585F5F 
 580      20282864 
 581 13dc 01       		.byte	0x1
 582 13dd 00       		.uleb128 0
 583 13de 5F5F4442 		.ascii "__DBL_MIN__ ((double)2.22507385850720138309023271733240406e-308L)\0"
 583      4C5F4D49 
 583      4E5F5F20 
 583      2828646F 
 583      75626C65 
 584 1420 01       		.byte	0x1
 585 1421 00       		.uleb128 0
 586 1422 5F5F4442 		.ascii "__DBL_EPSILON__ ((double)2.22044604925031308084726333618164062e-16L)\0"
 586      4C5F4550 
 586      53494C4F 
 586      4E5F5F20 
 586      2828646F 
 587 1467 01       		.byte	0x1
 588 1468 00       		.uleb128 0
 589 1469 5F5F4442 		.ascii "__DBL_DENORM_MIN__ ((double)4.94065645841246544176568792868221372e-324L)\0"
 589      4C5F4445 
 589      4E4F524D 
 589      5F4D494E 
 589      5F5F2028 
 590 14b2 01       		.byte	0x1
 591 14b3 00       		.uleb128 0
 592 14b4 5F5F4442 		.ascii "__DBL_HAS_DENORM__ 1\0"
 592      4C5F4841 
 592      535F4445 
 592      4E4F524D 
 592      5F5F2031 
 593 14c9 01       		.byte	0x1
 594 14ca 00       		.uleb128 0
 595 14cb 5F5F4442 		.ascii "__DBL_HAS_INFINITY__ 1\0"
 595      4C5F4841 
 595      535F494E 
 595      46494E49 
 595      54595F5F 
 596 14e2 01       		.byte	0x1
 597 14e3 00       		.uleb128 0
 598 14e4 5F5F4442 		.ascii "__DBL_HAS_QUIET_NAN__ 1\0"
 598      4C5F4841 
 598      535F5155 
 598      4945545F 
 598      4E414E5F 
 599 14fc 01       		.byte	0x1
 600 14fd 00       		.uleb128 0
 601 14fe 5F5F4442 		.ascii "__DBL_IS_IEC_60559__ 1\0"
 601      4C5F4953 
 601      5F494543 
 601      5F363035 
 601      35395F5F 
 602 1515 01       		.byte	0x1
 603 1516 00       		.uleb128 0
 604 1517 5F5F4C44 		.ascii "__LDBL_MANT_DIG__ 64\0"
 604      424C5F4D 
 604      414E545F 
 604      4449475F 
 604      5F203634 
 605 152c 01       		.byte	0x1
 606 152d 00       		.uleb128 0
 607 152e 5F5F4C44 		.ascii "__LDBL_DIG__ 18\0"
 607      424C5F44 
 607      49475F5F 
 607      20313800 
 608 153e 01       		.byte	0x1
 609 153f 00       		.uleb128 0
 610 1540 5F5F4C44 		.ascii "__LDBL_MIN_EXP__ (-16381)\0"
 610      424C5F4D 
 610      494E5F45 
 610      58505F5F 
 610      20282D31 
 611 155a 01       		.byte	0x1
 612 155b 00       		.uleb128 0
 613 155c 5F5F4C44 		.ascii "__LDBL_MIN_10_EXP__ (-4931)\0"
 613      424C5F4D 
 613      494E5F31 
 613      305F4558 
 613      505F5F20 
 614 1578 01       		.byte	0x1
 615 1579 00       		.uleb128 0
 616 157a 5F5F4C44 		.ascii "__LDBL_MAX_EXP__ 16384\0"
 616      424C5F4D 
 616      41585F45 
 616      58505F5F 
 616      20313633 
 617 1591 01       		.byte	0x1
 618 1592 00       		.uleb128 0
 619 1593 5F5F4C44 		.ascii "__LDBL_MAX_10_EXP__ 4932\0"
 619      424C5F4D 
 619      41585F31 
 619      305F4558 
 619      505F5F20 
 620 15ac 01       		.byte	0x1
 621 15ad 00       		.uleb128 0
 622 15ae 5F5F4445 		.ascii "__DECIMAL_DIG__ 21\0"
 622      43494D41 
 622      4C5F4449 
 622      475F5F20 
 622      323100
 623 15c1 01       		.byte	0x1
 624 15c2 00       		.uleb128 0
 625 15c3 5F5F4C44 		.ascii "__LDBL_DECIMAL_DIG__ 21\0"
 625      424C5F44 
 625      4543494D 
 625      414C5F44 
 625      49475F5F 
 626 15db 01       		.byte	0x1
 627 15dc 00       		.uleb128 0
 628 15dd 5F5F4C44 		.ascii "__LDBL_MAX__ 1.18973149535723176502126385303097021e+4932L\0"
 628      424C5F4D 
 628      41585F5F 
 628      20312E31 
 628      38393733 
 629 1617 01       		.byte	0x1
 630 1618 00       		.uleb128 0
 631 1619 5F5F4C44 		.ascii "__LDBL_NORM_MAX__ 1.18973149535723176502126385303097021e+4932L\0"
 631      424C5F4E 
 631      4F524D5F 
 631      4D41585F 
 631      5F20312E 
 632 1658 01       		.byte	0x1
 633 1659 00       		.uleb128 0
 634 165a 5F5F4C44 		.ascii "__LDBL_MIN__ 3.36210314311209350626267781732175260e-4932L\0"
 634      424C5F4D 
 634      494E5F5F 
 634      20332E33 
 634      36323130 
 635 1694 01       		.byte	0x1
 636 1695 00       		.uleb128 0
 637 1696 5F5F4C44 		.ascii "__LDBL_EPSILON__ 1.08420217248550443400745280086994171e-19L\0"
 637      424C5F45 
 637      5053494C 
 637      4F4E5F5F 
 637      20312E30 
 638 16d2 01       		.byte	0x1
 639 16d3 00       		.uleb128 0
 640 16d4 5F5F4C44 		.ascii "__LDBL_DENORM_MIN__ 3.64519953188247460252840593361941982e-4951L\0"
 640      424C5F44 
 640      454E4F52 
 640      4D5F4D49 
 640      4E5F5F20 
 641 1715 01       		.byte	0x1
 642 1716 00       		.uleb128 0
 643 1717 5F5F4C44 		.ascii "__LDBL_HAS_DENORM__ 1\0"
 643      424C5F48 
 643      41535F44 
 643      454E4F52 
 643      4D5F5F20 
 644 172d 01       		.byte	0x1
 645 172e 00       		.uleb128 0
 646 172f 5F5F4C44 		.ascii "__LDBL_HAS_INFINITY__ 1\0"
 646      424C5F48 
 646      41535F49 
 646      4E46494E 
 646      4954595F 
 647 1747 01       		.byte	0x1
 648 1748 00       		.uleb128 0
 649 1749 5F5F4C44 		.ascii "__LDBL_HAS_QUIET_NAN__ 1\0"
 649      424C5F48 
 649      41535F51 
 649      55494554 
 649      5F4E414E 
 650 1762 01       		.byte	0x1
 651 1763 00       		.uleb128 0
 652 1764 5F5F4C44 		.ascii "__LDBL_IS_IEC_60559__ 1\0"
 652      424C5F49 
 652      535F4945 
 652      435F3630 
 652      3535395F 
 653 177c 01       		.byte	0x1
 654 177d 00       		.uleb128 0
 655 177e 5F5F464C 		.ascii "__FLT16_MANT_DIG__ 11\0"
 655      5431365F 
 655      4D414E54 
 655      5F444947 
 655      5F5F2031 
 656 1794 01       		.byte	0x1
 657 1795 00       		.uleb128 0
 658 1796 5F5F464C 		.ascii "__FLT16_DIG__ 3\0"
 658      5431365F 
 658      4449475F 
 658      5F203300 
 659 17a6 01       		.byte	0x1
 660 17a7 00       		.uleb128 0
 661 17a8 5F5F464C 		.ascii "__FLT16_MIN_EXP__ (-13)\0"
 661      5431365F 
 661      4D494E5F 
 661      4558505F 
 661      5F20282D 
 662 17c0 01       		.byte	0x1
 663 17c1 00       		.uleb128 0
 664 17c2 5F5F464C 		.ascii "__FLT16_MIN_10_EXP__ (-4)\0"
 664      5431365F 
 664      4D494E5F 
 664      31305F45 
 664      58505F5F 
 665 17dc 01       		.byte	0x1
 666 17dd 00       		.uleb128 0
 667 17de 5F5F464C 		.ascii "__FLT16_MAX_EXP__ 16\0"
 667      5431365F 
 667      4D41585F 
 667      4558505F 
 667      5F203136 
 668 17f3 01       		.byte	0x1
 669 17f4 00       		.uleb128 0
 670 17f5 5F5F464C 		.ascii "__FLT16_MAX_10_EXP__ 4\0"
 670      5431365F 
 670      4D41585F 
 670      31305F45 
 670      58505F5F 
 671 180c 01       		.byte	0x1
 672 180d 00       		.uleb128 0
 673 180e 5F5F464C 		.ascii "__FLT16_DECIMAL_DIG__ 5\0"
 673      5431365F 
 673      44454349 
 673      4D414C5F 
 673      4449475F 
 674 1826 01       		.byte	0x1
 675 1827 00       		.uleb128 0
 676 1828 5F5F464C 		.ascii "__FLT16_MAX__ 6.55040000000000000000000000000000000e+4F16\0"
 676      5431365F 
 676      4D41585F 
 676      5F20362E 
 676      35353034 
 677 1862 01       		.byte	0x1
 678 1863 00       		.uleb128 0
 679 1864 5F5F464C 		.ascii "__FLT16_NORM_MAX__ 6.55040000000000000000000000000000000e+4F16\0"
 679      5431365F 
 679      4E4F524D 
 679      5F4D4158 
 679      5F5F2036 
 680 18a3 01       		.byte	0x1
 681 18a4 00       		.uleb128 0
 682 18a5 5F5F464C 		.ascii "__FLT16_MIN__ 6.10351562500000000000000000000000000e-5F16\0"
 682      5431365F 
 682      4D494E5F 
 682      5F20362E 
 682      31303335 
 683 18df 01       		.byte	0x1
 684 18e0 00       		.uleb128 0
 685 18e1 5F5F464C 		.ascii "__FLT16_EPSILON__ 9.76562500000000000000000000000000000e-4F16\0"
 685      5431365F 
 685      45505349 
 685      4C4F4E5F 
 685      5F20392E 
 686 191f 01       		.byte	0x1
 687 1920 00       		.uleb128 0
 688 1921 5F5F464C 		.ascii "__FLT16_DENORM_MIN__ 5.96046447753906250000000000000000000e-8F16\0"
 688      5431365F 
 688      44454E4F 
 688      524D5F4D 
 688      494E5F5F 
 689 1962 01       		.byte	0x1
 690 1963 00       		.uleb128 0
 691 1964 5F5F464C 		.ascii "__FLT16_HAS_DENORM__ 1\0"
 691      5431365F 
 691      4841535F 
 691      44454E4F 
 691      524D5F5F 
 692 197b 01       		.byte	0x1
 693 197c 00       		.uleb128 0
 694 197d 5F5F464C 		.ascii "__FLT16_HAS_INFINITY__ 1\0"
 694      5431365F 
 694      4841535F 
 694      494E4649 
 694      4E495459 
 695 1996 01       		.byte	0x1
 696 1997 00       		.uleb128 0
 697 1998 5F5F464C 		.ascii "__FLT16_HAS_QUIET_NAN__ 1\0"
 697      5431365F 
 697      4841535F 
 697      51554945 
 697      545F4E41 
 698 19b2 01       		.byte	0x1
 699 19b3 00       		.uleb128 0
 700 19b4 5F5F464C 		.ascii "__FLT16_IS_IEC_60559__ 1\0"
 700      5431365F 
 700      49535F49 
 700      45435F36 
 700      30353539 
 701 19cd 01       		.byte	0x1
 702 19ce 00       		.uleb128 0
 703 19cf 5F5F464C 		.ascii "__FLT32_MANT_DIG__ 24\0"
 703      5433325F 
 703      4D414E54 
 703      5F444947 
 703      5F5F2032 
 704 19e5 01       		.byte	0x1
 705 19e6 00       		.uleb128 0
 706 19e7 5F5F464C 		.ascii "__FLT32_DIG__ 6\0"
 706      5433325F 
 706      4449475F 
 706      5F203600 
 707 19f7 01       		.byte	0x1
 708 19f8 00       		.uleb128 0
 709 19f9 5F5F464C 		.ascii "__FLT32_MIN_EXP__ (-125)\0"
 709      5433325F 
 709      4D494E5F 
 709      4558505F 
 709      5F20282D 
 710 1a12 01       		.byte	0x1
 711 1a13 00       		.uleb128 0
 712 1a14 5F5F464C 		.ascii "__FLT32_MIN_10_EXP__ (-37)\0"
 712      5433325F 
 712      4D494E5F 
 712      31305F45 
 712      58505F5F 
 713 1a2f 01       		.byte	0x1
 714 1a30 00       		.uleb128 0
 715 1a31 5F5F464C 		.ascii "__FLT32_MAX_EXP__ 128\0"
 715      5433325F 
 715      4D41585F 
 715      4558505F 
 715      5F203132 
 716 1a47 01       		.byte	0x1
 717 1a48 00       		.uleb128 0
 718 1a49 5F5F464C 		.ascii "__FLT32_MAX_10_EXP__ 38\0"
 718      5433325F 
 718      4D41585F 
 718      31305F45 
 718      58505F5F 
 719 1a61 01       		.byte	0x1
 720 1a62 00       		.uleb128 0
 721 1a63 5F5F464C 		.ascii "__FLT32_DECIMAL_DIG__ 9\0"
 721      5433325F 
 721      44454349 
 721      4D414C5F 
 721      4449475F 
 722 1a7b 01       		.byte	0x1
 723 1a7c 00       		.uleb128 0
 724 1a7d 5F5F464C 		.ascii "__FLT32_MAX__ 3.40282346638528859811704183484516925e+38F32\0"
 724      5433325F 
 724      4D41585F 
 724      5F20332E 
 724      34303238 
 725 1ab8 01       		.byte	0x1
 726 1ab9 00       		.uleb128 0
 727 1aba 5F5F464C 		.ascii "__FLT32_NORM_MAX__ 3.40282346638528859811704183484516925e+38F32\0"
 727      5433325F 
 727      4E4F524D 
 727      5F4D4158 
 727      5F5F2033 
 728 1afa 01       		.byte	0x1
 729 1afb 00       		.uleb128 0
 730 1afc 5F5F464C 		.ascii "__FLT32_MIN__ 1.17549435082228750796873653722224568e-38F32\0"
 730      5433325F 
 730      4D494E5F 
 730      5F20312E 
 730      31373534 
 731 1b37 01       		.byte	0x1
 732 1b38 00       		.uleb128 0
 733 1b39 5F5F464C 		.ascii "__FLT32_EPSILON__ 1.19209289550781250000000000000000000e-7F32\0"
 733      5433325F 
 733      45505349 
 733      4C4F4E5F 
 733      5F20312E 
 734 1b77 01       		.byte	0x1
 735 1b78 00       		.uleb128 0
 736 1b79 5F5F464C 		.ascii "__FLT32_DENORM_MIN__ 1.40129846432481707092372958328991613e-45F32\0"
 736      5433325F 
 736      44454E4F 
 736      524D5F4D 
 736      494E5F5F 
 737 1bbb 01       		.byte	0x1
 738 1bbc 00       		.uleb128 0
 739 1bbd 5F5F464C 		.ascii "__FLT32_HAS_DENORM__ 1\0"
 739      5433325F 
 739      4841535F 
 739      44454E4F 
 739      524D5F5F 
 740 1bd4 01       		.byte	0x1
 741 1bd5 00       		.uleb128 0
 742 1bd6 5F5F464C 		.ascii "__FLT32_HAS_INFINITY__ 1\0"
 742      5433325F 
 742      4841535F 
 742      494E4649 
 742      4E495459 
 743 1bef 01       		.byte	0x1
 744 1bf0 00       		.uleb128 0
 745 1bf1 5F5F464C 		.ascii "__FLT32_HAS_QUIET_NAN__ 1\0"
 745      5433325F 
 745      4841535F 
 745      51554945 
 745      545F4E41 
 746 1c0b 01       		.byte	0x1
 747 1c0c 00       		.uleb128 0
 748 1c0d 5F5F464C 		.ascii "__FLT32_IS_IEC_60559__ 1\0"
 748      5433325F 
 748      49535F49 
 748      45435F36 
 748      30353539 
 749 1c26 01       		.byte	0x1
 750 1c27 00       		.uleb128 0
 751 1c28 5F5F464C 		.ascii "__FLT64_MANT_DIG__ 53\0"
 751      5436345F 
 751      4D414E54 
 751      5F444947 
 751      5F5F2035 
 752 1c3e 01       		.byte	0x1
 753 1c3f 00       		.uleb128 0
 754 1c40 5F5F464C 		.ascii "__FLT64_DIG__ 15\0"
 754      5436345F 
 754      4449475F 
 754      5F203135 
 754      00
 755 1c51 01       		.byte	0x1
 756 1c52 00       		.uleb128 0
 757 1c53 5F5F464C 		.ascii "__FLT64_MIN_EXP__ (-1021)\0"
 757      5436345F 
 757      4D494E5F 
 757      4558505F 
 757      5F20282D 
 758 1c6d 01       		.byte	0x1
 759 1c6e 00       		.uleb128 0
 760 1c6f 5F5F464C 		.ascii "__FLT64_MIN_10_EXP__ (-307)\0"
 760      5436345F 
 760      4D494E5F 
 760      31305F45 
 760      58505F5F 
 761 1c8b 01       		.byte	0x1
 762 1c8c 00       		.uleb128 0
 763 1c8d 5F5F464C 		.ascii "__FLT64_MAX_EXP__ 1024\0"
 763      5436345F 
 763      4D41585F 
 763      4558505F 
 763      5F203130 
 764 1ca4 01       		.byte	0x1
 765 1ca5 00       		.uleb128 0
 766 1ca6 5F5F464C 		.ascii "__FLT64_MAX_10_EXP__ 308\0"
 766      5436345F 
 766      4D41585F 
 766      31305F45 
 766      58505F5F 
 767 1cbf 01       		.byte	0x1
 768 1cc0 00       		.uleb128 0
 769 1cc1 5F5F464C 		.ascii "__FLT64_DECIMAL_DIG__ 17\0"
 769      5436345F 
 769      44454349 
 769      4D414C5F 
 769      4449475F 
 770 1cda 01       		.byte	0x1
 771 1cdb 00       		.uleb128 0
 772 1cdc 5F5F464C 		.ascii "__FLT64_MAX__ 1.79769313486231570814527423731704357e+308F64\0"
 772      5436345F 
 772      4D41585F 
 772      5F20312E 
 772      37393736 
 773 1d18 01       		.byte	0x1
 774 1d19 00       		.uleb128 0
 775 1d1a 5F5F464C 		.ascii "__FLT64_NORM_MAX__ 1.79769313486231570814527423731704357e+308F64\0"
 775      5436345F 
 775      4E4F524D 
 775      5F4D4158 
 775      5F5F2031 
 776 1d5b 01       		.byte	0x1
 777 1d5c 00       		.uleb128 0
 778 1d5d 5F5F464C 		.ascii "__FLT64_MIN__ 2.22507385850720138309023271733240406e-308F64\0"
 778      5436345F 
 778      4D494E5F 
 778      5F20322E 
 778      32323530 
 779 1d99 01       		.byte	0x1
 780 1d9a 00       		.uleb128 0
 781 1d9b 5F5F464C 		.ascii "__FLT64_EPSILON__ 2.22044604925031308084726333618164062e-16F64\0"
 781      5436345F 
 781      45505349 
 781      4C4F4E5F 
 781      5F20322E 
 782 1dda 01       		.byte	0x1
 783 1ddb 00       		.uleb128 0
 784 1ddc 5F5F464C 		.ascii "__FLT64_DENORM_MIN__ 4.94065645841246544176568792868221372e-324F64\0"
 784      5436345F 
 784      44454E4F 
 784      524D5F4D 
 784      494E5F5F 
 785 1e1f 01       		.byte	0x1
 786 1e20 00       		.uleb128 0
 787 1e21 5F5F464C 		.ascii "__FLT64_HAS_DENORM__ 1\0"
 787      5436345F 
 787      4841535F 
 787      44454E4F 
 787      524D5F5F 
 788 1e38 01       		.byte	0x1
 789 1e39 00       		.uleb128 0
 790 1e3a 5F5F464C 		.ascii "__FLT64_HAS_INFINITY__ 1\0"
 790      5436345F 
 790      4841535F 
 790      494E4649 
 790      4E495459 
 791 1e53 01       		.byte	0x1
 792 1e54 00       		.uleb128 0
 793 1e55 5F5F464C 		.ascii "__FLT64_HAS_QUIET_NAN__ 1\0"
 793      5436345F 
 793      4841535F 
 793      51554945 
 793      545F4E41 
 794 1e6f 01       		.byte	0x1
 795 1e70 00       		.uleb128 0
 796 1e71 5F5F464C 		.ascii "__FLT64_IS_IEC_60559__ 1\0"
 796      5436345F 
 796      49535F49 
 796      45435F36 
 796      30353539 
 797 1e8a 01       		.byte	0x1
 798 1e8b 00       		.uleb128 0
 799 1e8c 5F5F464C 		.ascii "__FLT128_MANT_DIG__ 113\0"
 799      54313238 
 799      5F4D414E 
 799      545F4449 
 799      475F5F20 
 800 1ea4 01       		.byte	0x1
 801 1ea5 00       		.uleb128 0
 802 1ea6 5F5F464C 		.ascii "__FLT128_DIG__ 33\0"
 802      54313238 
 802      5F444947 
 802      5F5F2033 
 802      3300
 803 1eb8 01       		.byte	0x1
 804 1eb9 00       		.uleb128 0
 805 1eba 5F5F464C 		.ascii "__FLT128_MIN_EXP__ (-16381)\0"
 805      54313238 
 805      5F4D494E 
 805      5F455850 
 805      5F5F2028 
 806 1ed6 01       		.byte	0x1
 807 1ed7 00       		.uleb128 0
 808 1ed8 5F5F464C 		.ascii "__FLT128_MIN_10_EXP__ (-4931)\0"
 808      54313238 
 808      5F4D494E 
 808      5F31305F 
 808      4558505F 
 809 1ef6 01       		.byte	0x1
 810 1ef7 00       		.uleb128 0
 811 1ef8 5F5F464C 		.ascii "__FLT128_MAX_EXP__ 16384\0"
 811      54313238 
 811      5F4D4158 
 811      5F455850 
 811      5F5F2031 
 812 1f11 01       		.byte	0x1
 813 1f12 00       		.uleb128 0
 814 1f13 5F5F464C 		.ascii "__FLT128_MAX_10_EXP__ 4932\0"
 814      54313238 
 814      5F4D4158 
 814      5F31305F 
 814      4558505F 
 815 1f2e 01       		.byte	0x1
 816 1f2f 00       		.uleb128 0
 817 1f30 5F5F464C 		.ascii "__FLT128_DECIMAL_DIG__ 36\0"
 817      54313238 
 817      5F444543 
 817      494D414C 
 817      5F444947 
 818 1f4a 01       		.byte	0x1
 819 1f4b 00       		.uleb128 0
 820 1f4c 5F5F464C 		.ascii "__FLT128_MAX__ 1.18973149535723176508575932662800702e+4932F128\0"
 820      54313238 
 820      5F4D4158 
 820      5F5F2031 
 820      2E313839 
 821 1f8b 01       		.byte	0x1
 822 1f8c 00       		.uleb128 0
 823 1f8d 5F5F464C 		.ascii "__FLT128_NORM_MAX__ 1.18973149535723176508575932662800702e+4932F128\0"
 823      54313238 
 823      5F4E4F52 
 823      4D5F4D41 
 823      585F5F20 
 824 1fd1 01       		.byte	0x1
 825 1fd2 00       		.uleb128 0
 826 1fd3 5F5F464C 		.ascii "__FLT128_MIN__ 3.36210314311209350626267781732175260e-4932F128\0"
 826      54313238 
 826      5F4D494E 
 826      5F5F2033 
 826      2E333632 
 827 2012 01       		.byte	0x1
 828 2013 00       		.uleb128 0
 829 2014 5F5F464C 		.ascii "__FLT128_EPSILON__ 1.92592994438723585305597794258492732e-34F128\0"
 829      54313238 
 829      5F455053 
 829      494C4F4E 
 829      5F5F2031 
 830 2055 01       		.byte	0x1
 831 2056 00       		.uleb128 0
 832 2057 5F5F464C 		.ascii "__FLT128_DENORM_MIN__ 6.47517511943802511092443895822764655e-4966F128\0"
 832      54313238 
 832      5F44454E 
 832      4F524D5F 
 832      4D494E5F 
 833 209d 01       		.byte	0x1
 834 209e 00       		.uleb128 0
 835 209f 5F5F464C 		.ascii "__FLT128_HAS_DENORM__ 1\0"
 835      54313238 
 835      5F484153 
 835      5F44454E 
 835      4F524D5F 
 836 20b7 01       		.byte	0x1
 837 20b8 00       		.uleb128 0
 838 20b9 5F5F464C 		.ascii "__FLT128_HAS_INFINITY__ 1\0"
 838      54313238 
 838      5F484153 
 838      5F494E46 
 838      494E4954 
 839 20d3 01       		.byte	0x1
 840 20d4 00       		.uleb128 0
 841 20d5 5F5F464C 		.ascii "__FLT128_HAS_QUIET_NAN__ 1\0"
 841      54313238 
 841      5F484153 
 841      5F515549 
 841      45545F4E 
 842 20f0 01       		.byte	0x1
 843 20f1 00       		.uleb128 0
 844 20f2 5F5F464C 		.ascii "__FLT128_IS_IEC_60559__ 1\0"
 844      54313238 
 844      5F49535F 
 844      4945435F 
 844      36303535 
 845 210c 01       		.byte	0x1
 846 210d 00       		.uleb128 0
 847 210e 5F5F464C 		.ascii "__FLT32X_MANT_DIG__ 53\0"
 847      54333258 
 847      5F4D414E 
 847      545F4449 
 847      475F5F20 
 848 2125 01       		.byte	0x1
 849 2126 00       		.uleb128 0
 850 2127 5F5F464C 		.ascii "__FLT32X_DIG__ 15\0"
 850      54333258 
 850      5F444947 
 850      5F5F2031 
 850      3500
 851 2139 01       		.byte	0x1
 852 213a 00       		.uleb128 0
 853 213b 5F5F464C 		.ascii "__FLT32X_MIN_EXP__ (-1021)\0"
 853      54333258 
 853      5F4D494E 
 853      5F455850 
 853      5F5F2028 
 854 2156 01       		.byte	0x1
 855 2157 00       		.uleb128 0
 856 2158 5F5F464C 		.ascii "__FLT32X_MIN_10_EXP__ (-307)\0"
 856      54333258 
 856      5F4D494E 
 856      5F31305F 
 856      4558505F 
 857 2175 01       		.byte	0x1
 858 2176 00       		.uleb128 0
 859 2177 5F5F464C 		.ascii "__FLT32X_MAX_EXP__ 1024\0"
 859      54333258 
 859      5F4D4158 
 859      5F455850 
 859      5F5F2031 
 860 218f 01       		.byte	0x1
 861 2190 00       		.uleb128 0
 862 2191 5F5F464C 		.ascii "__FLT32X_MAX_10_EXP__ 308\0"
 862      54333258 
 862      5F4D4158 
 862      5F31305F 
 862      4558505F 
 863 21ab 01       		.byte	0x1
 864 21ac 00       		.uleb128 0
 865 21ad 5F5F464C 		.ascii "__FLT32X_DECIMAL_DIG__ 17\0"
 865      54333258 
 865      5F444543 
 865      494D414C 
 865      5F444947 
 866 21c7 01       		.byte	0x1
 867 21c8 00       		.uleb128 0
 868 21c9 5F5F464C 		.ascii "__FLT32X_MAX__ 1.79769313486231570814527423731704357e+308F32x\0"
 868      54333258 
 868      5F4D4158 
 868      5F5F2031 
 868      2E373937 
 869 2207 01       		.byte	0x1
 870 2208 00       		.uleb128 0
 871 2209 5F5F464C 		.ascii "__FLT32X_NORM_MAX__ 1.79769313486231570814527423731704357e+308F32x\0"
 871      54333258 
 871      5F4E4F52 
 871      4D5F4D41 
 871      585F5F20 
 872 224c 01       		.byte	0x1
 873 224d 00       		.uleb128 0
 874 224e 5F5F464C 		.ascii "__FLT32X_MIN__ 2.22507385850720138309023271733240406e-308F32x\0"
 874      54333258 
 874      5F4D494E 
 874      5F5F2032 
 874      2E323235 
 875 228c 01       		.byte	0x1
 876 228d 00       		.uleb128 0
 877 228e 5F5F464C 		.ascii "__FLT32X_EPSILON__ 2.22044604925031308084726333618164062e-16F32x\0"
 877      54333258 
 877      5F455053 
 877      494C4F4E 
 877      5F5F2032 
 878 22cf 01       		.byte	0x1
 879 22d0 00       		.uleb128 0
 880 22d1 5F5F464C 		.ascii "__FLT32X_DENORM_MIN__ 4.94065645841246544176568792868221372e-324F32x\0"
 880      54333258 
 880      5F44454E 
 880      4F524D5F 
 880      4D494E5F 
 881 2316 01       		.byte	0x1
 882 2317 00       		.uleb128 0
 883 2318 5F5F464C 		.ascii "__FLT32X_HAS_DENORM__ 1\0"
 883      54333258 
 883      5F484153 
 883      5F44454E 
 883      4F524D5F 
 884 2330 01       		.byte	0x1
 885 2331 00       		.uleb128 0
 886 2332 5F5F464C 		.ascii "__FLT32X_HAS_INFINITY__ 1\0"
 886      54333258 
 886      5F484153 
 886      5F494E46 
 886      494E4954 
 887 234c 01       		.byte	0x1
 888 234d 00       		.uleb128 0
 889 234e 5F5F464C 		.ascii "__FLT32X_HAS_QUIET_NAN__ 1\0"
 889      54333258 
 889      5F484153 
 889      5F515549 
 889      45545F4E 
 890 2369 01       		.byte	0x1
 891 236a 00       		.uleb128 0
 892 236b 5F5F464C 		.ascii "__FLT32X_IS_IEC_60559__ 1\0"
 892      54333258 
 892      5F49535F 
 892      4945435F 
 892      36303535 
 893 2385 01       		.byte	0x1
 894 2386 00       		.uleb128 0
 895 2387 5F5F464C 		.ascii "__FLT64X_MANT_DIG__ 64\0"
 895      54363458 
 895      5F4D414E 
 895      545F4449 
 895      475F5F20 
 896 239e 01       		.byte	0x1
 897 239f 00       		.uleb128 0
 898 23a0 5F5F464C 		.ascii "__FLT64X_DIG__ 18\0"
 898      54363458 
 898      5F444947 
 898      5F5F2031 
 898      3800
 899 23b2 01       		.byte	0x1
 900 23b3 00       		.uleb128 0
 901 23b4 5F5F464C 		.ascii "__FLT64X_MIN_EXP__ (-16381)\0"
 901      54363458 
 901      5F4D494E 
 901      5F455850 
 901      5F5F2028 
 902 23d0 01       		.byte	0x1
 903 23d1 00       		.uleb128 0
 904 23d2 5F5F464C 		.ascii "__FLT64X_MIN_10_EXP__ (-4931)\0"
 904      54363458 
 904      5F4D494E 
 904      5F31305F 
 904      4558505F 
 905 23f0 01       		.byte	0x1
 906 23f1 00       		.uleb128 0
 907 23f2 5F5F464C 		.ascii "__FLT64X_MAX_EXP__ 16384\0"
 907      54363458 
 907      5F4D4158 
 907      5F455850 
 907      5F5F2031 
 908 240b 01       		.byte	0x1
 909 240c 00       		.uleb128 0
 910 240d 5F5F464C 		.ascii "__FLT64X_MAX_10_EXP__ 4932\0"
 910      54363458 
 910      5F4D4158 
 910      5F31305F 
 910      4558505F 
 911 2428 01       		.byte	0x1
 912 2429 00       		.uleb128 0
 913 242a 5F5F464C 		.ascii "__FLT64X_DECIMAL_DIG__ 21\0"
 913      54363458 
 913      5F444543 
 913      494D414C 
 913      5F444947 
 914 2444 01       		.byte	0x1
 915 2445 00       		.uleb128 0
 916 2446 5F5F464C 		.ascii "__FLT64X_MAX__ 1.18973149535723176502126385303097021e+4932F64x\0"
 916      54363458 
 916      5F4D4158 
 916      5F5F2031 
 916      2E313839 
 917 2485 01       		.byte	0x1
 918 2486 00       		.uleb128 0
 919 2487 5F5F464C 		.ascii "__FLT64X_NORM_MAX__ 1.18973149535723176502126385303097021e+4932F64x\0"
 919      54363458 
 919      5F4E4F52 
 919      4D5F4D41 
 919      585F5F20 
 920 24cb 01       		.byte	0x1
 921 24cc 00       		.uleb128 0
 922 24cd 5F5F464C 		.ascii "__FLT64X_MIN__ 3.36210314311209350626267781732175260e-4932F64x\0"
 922      54363458 
 922      5F4D494E 
 922      5F5F2033 
 922      2E333632 
 923 250c 01       		.byte	0x1
 924 250d 00       		.uleb128 0
 925 250e 5F5F464C 		.ascii "__FLT64X_EPSILON__ 1.08420217248550443400745280086994171e-19F64x\0"
 925      54363458 
 925      5F455053 
 925      494C4F4E 
 925      5F5F2031 
 926 254f 01       		.byte	0x1
 927 2550 00       		.uleb128 0
 928 2551 5F5F464C 		.ascii "__FLT64X_DENORM_MIN__ 3.64519953188247460252840593361941982e-4951F64x\0"
 928      54363458 
 928      5F44454E 
 928      4F524D5F 
 928      4D494E5F 
 929 2597 01       		.byte	0x1
 930 2598 00       		.uleb128 0
 931 2599 5F5F464C 		.ascii "__FLT64X_HAS_DENORM__ 1\0"
 931      54363458 
 931      5F484153 
 931      5F44454E 
 931      4F524D5F 
 932 25b1 01       		.byte	0x1
 933 25b2 00       		.uleb128 0
 934 25b3 5F5F464C 		.ascii "__FLT64X_HAS_INFINITY__ 1\0"
 934      54363458 
 934      5F484153 
 934      5F494E46 
 934      494E4954 
 935 25cd 01       		.byte	0x1
 936 25ce 00       		.uleb128 0
 937 25cf 5F5F464C 		.ascii "__FLT64X_HAS_QUIET_NAN__ 1\0"
 937      54363458 
 937      5F484153 
 937      5F515549 
 937      45545F4E 
 938 25ea 01       		.byte	0x1
 939 25eb 00       		.uleb128 0
 940 25ec 5F5F464C 		.ascii "__FLT64X_IS_IEC_60559__ 1\0"
 940      54363458 
 940      5F49535F 
 940      4945435F 
 940      36303535 
 941 2606 01       		.byte	0x1
 942 2607 00       		.uleb128 0
 943 2608 5F5F4246 		.ascii "__BFLT16_MANT_DIG__ 8\0"
 943      4C543136 
 943      5F4D414E 
 943      545F4449 
 943      475F5F20 
 944 261e 01       		.byte	0x1
 945 261f 00       		.uleb128 0
 946 2620 5F5F4246 		.ascii "__BFLT16_DIG__ 2\0"
 946      4C543136 
 946      5F444947 
 946      5F5F2032 
 946      00
 947 2631 01       		.byte	0x1
 948 2632 00       		.uleb128 0
 949 2633 5F5F4246 		.ascii "__BFLT16_MIN_EXP__ (-125)\0"
 949      4C543136 
 949      5F4D494E 
 949      5F455850 
 949      5F5F2028 
 950 264d 01       		.byte	0x1
 951 264e 00       		.uleb128 0
 952 264f 5F5F4246 		.ascii "__BFLT16_MIN_10_EXP__ (-37)\0"
 952      4C543136 
 952      5F4D494E 
 952      5F31305F 
 952      4558505F 
 953 266b 01       		.byte	0x1
 954 266c 00       		.uleb128 0
 955 266d 5F5F4246 		.ascii "__BFLT16_MAX_EXP__ 128\0"
 955      4C543136 
 955      5F4D4158 
 955      5F455850 
 955      5F5F2031 
 956 2684 01       		.byte	0x1
 957 2685 00       		.uleb128 0
 958 2686 5F5F4246 		.ascii "__BFLT16_MAX_10_EXP__ 38\0"
 958      4C543136 
 958      5F4D4158 
 958      5F31305F 
 958      4558505F 
 959 269f 01       		.byte	0x1
 960 26a0 00       		.uleb128 0
 961 26a1 5F5F4246 		.ascii "__BFLT16_DECIMAL_DIG__ 4\0"
 961      4C543136 
 961      5F444543 
 961      494D414C 
 961      5F444947 
 962 26ba 01       		.byte	0x1
 963 26bb 00       		.uleb128 0
 964 26bc 5F5F4246 		.ascii "__BFLT16_MAX__ 3.38953138925153547590470800371487867e+38BF16\0"
 964      4C543136 
 964      5F4D4158 
 964      5F5F2033 
 964      2E333839 
 965 26f9 01       		.byte	0x1
 966 26fa 00       		.uleb128 0
 967 26fb 5F5F4246 		.ascii "__BFLT16_NORM_MAX__ 3.38953138925153547590470800371487867e+38BF16\0"
 967      4C543136 
 967      5F4E4F52 
 967      4D5F4D41 
 967      585F5F20 
 968 273d 01       		.byte	0x1
 969 273e 00       		.uleb128 0
 970 273f 5F5F4246 		.ascii "__BFLT16_MIN__ 1.17549435082228750796873653722224568e-38BF16\0"
 970      4C543136 
 970      5F4D494E 
 970      5F5F2031 
 970      2E313735 
 971 277c 01       		.byte	0x1
 972 277d 00       		.uleb128 0
 973 277e 5F5F4246 		.ascii "__BFLT16_EPSILON__ 7.81250000000000000000000000000000000e-3BF16\0"
 973      4C543136 
 973      5F455053 
 973      494C4F4E 
 973      5F5F2037 
 974 27be 01       		.byte	0x1
 975 27bf 00       		.uleb128 0
 976 27c0 5F5F4246 		.ascii "__BFLT16_DENORM_MIN__ 9.18354961579912115600575419704879436e-41BF16\0"
 976      4C543136 
 976      5F44454E 
 976      4F524D5F 
 976      4D494E5F 
 977 2804 01       		.byte	0x1
 978 2805 00       		.uleb128 0
 979 2806 5F5F4246 		.ascii "__BFLT16_HAS_DENORM__ 1\0"
 979      4C543136 
 979      5F484153 
 979      5F44454E 
 979      4F524D5F 
 980 281e 01       		.byte	0x1
 981 281f 00       		.uleb128 0
 982 2820 5F5F4246 		.ascii "__BFLT16_HAS_INFINITY__ 1\0"
 982      4C543136 
 982      5F484153 
 982      5F494E46 
 982      494E4954 
 983 283a 01       		.byte	0x1
 984 283b 00       		.uleb128 0
 985 283c 5F5F4246 		.ascii "__BFLT16_HAS_QUIET_NAN__ 1\0"
 985      4C543136 
 985      5F484153 
 985      5F515549 
 985      45545F4E 
 986 2857 01       		.byte	0x1
 987 2858 00       		.uleb128 0
 988 2859 5F5F4246 		.ascii "__BFLT16_IS_IEC_60559__ 0\0"
 988      4C543136 
 988      5F49535F 
 988      4945435F 
 988      36303535 
 989 2873 01       		.byte	0x1
 990 2874 00       		.uleb128 0
 991 2875 5F5F4445 		.ascii "__DEC32_MANT_DIG__ 7\0"
 991      4333325F 
 991      4D414E54 
 991      5F444947 
 991      5F5F2037 
 992 288a 01       		.byte	0x1
 993 288b 00       		.uleb128 0
 994 288c 5F5F4445 		.ascii "__DEC32_MIN_EXP__ (-94)\0"
 994      4333325F 
 994      4D494E5F 
 994      4558505F 
 994      5F20282D 
 995 28a4 01       		.byte	0x1
 996 28a5 00       		.uleb128 0
 997 28a6 5F5F4445 		.ascii "__DEC32_MAX_EXP__ 97\0"
 997      4333325F 
 997      4D41585F 
 997      4558505F 
 997      5F203937 
 998 28bb 01       		.byte	0x1
 999 28bc 00       		.uleb128 0
 1000 28bd 5F5F4445 		.ascii "__DEC32_MIN__ 1E-95DF\0"
 1000      4333325F 
 1000      4D494E5F 
 1000      5F203145 
 1000      2D393544 
 1001 28d3 01       		.byte	0x1
 1002 28d4 00       		.uleb128 0
 1003 28d5 5F5F4445 		.ascii "__DEC32_MAX__ 9.999999E96DF\0"
 1003      4333325F 
 1003      4D41585F 
 1003      5F20392E 
 1003      39393939 
 1004 28f1 01       		.byte	0x1
 1005 28f2 00       		.uleb128 0
 1006 28f3 5F5F4445 		.ascii "__DEC32_EPSILON__ 1E-6DF\0"
 1006      4333325F 
 1006      45505349 
 1006      4C4F4E5F 
 1006      5F203145 
 1007 290c 01       		.byte	0x1
 1008 290d 00       		.uleb128 0
 1009 290e 5F5F4445 		.ascii "__DEC32_SUBNORMAL_MIN__ 0.000001E-95DF\0"
 1009      4333325F 
 1009      5355424E 
 1009      4F524D41 
 1009      4C5F4D49 
 1010 2935 01       		.byte	0x1
 1011 2936 00       		.uleb128 0
 1012 2937 5F5F4445 		.ascii "__DEC64_MANT_DIG__ 16\0"
 1012      4336345F 
 1012      4D414E54 
 1012      5F444947 
 1012      5F5F2031 
 1013 294d 01       		.byte	0x1
 1014 294e 00       		.uleb128 0
 1015 294f 5F5F4445 		.ascii "__DEC64_MIN_EXP__ (-382)\0"
 1015      4336345F 
 1015      4D494E5F 
 1015      4558505F 
 1015      5F20282D 
 1016 2968 01       		.byte	0x1
 1017 2969 00       		.uleb128 0
 1018 296a 5F5F4445 		.ascii "__DEC64_MAX_EXP__ 385\0"
 1018      4336345F 
 1018      4D41585F 
 1018      4558505F 
 1018      5F203338 
 1019 2980 01       		.byte	0x1
 1020 2981 00       		.uleb128 0
 1021 2982 5F5F4445 		.ascii "__DEC64_MIN__ 1E-383DD\0"
 1021      4336345F 
 1021      4D494E5F 
 1021      5F203145 
 1021      2D333833 
 1022 2999 01       		.byte	0x1
 1023 299a 00       		.uleb128 0
 1024 299b 5F5F4445 		.ascii "__DEC64_MAX__ 9.999999999999999E384DD\0"
 1024      4336345F 
 1024      4D41585F 
 1024      5F20392E 
 1024      39393939 
 1025 29c1 01       		.byte	0x1
 1026 29c2 00       		.uleb128 0
 1027 29c3 5F5F4445 		.ascii "__DEC64_EPSILON__ 1E-15DD\0"
 1027      4336345F 
 1027      45505349 
 1027      4C4F4E5F 
 1027      5F203145 
 1028 29dd 01       		.byte	0x1
 1029 29de 00       		.uleb128 0
 1030 29df 5F5F4445 		.ascii "__DEC64_SUBNORMAL_MIN__ 0.000000000000001E-383DD\0"
 1030      4336345F 
 1030      5355424E 
 1030      4F524D41 
 1030      4C5F4D49 
 1031 2a10 01       		.byte	0x1
 1032 2a11 00       		.uleb128 0
 1033 2a12 5F5F4445 		.ascii "__DEC128_MANT_DIG__ 34\0"
 1033      43313238 
 1033      5F4D414E 
 1033      545F4449 
 1033      475F5F20 
 1034 2a29 01       		.byte	0x1
 1035 2a2a 00       		.uleb128 0
 1036 2a2b 5F5F4445 		.ascii "__DEC128_MIN_EXP__ (-6142)\0"
 1036      43313238 
 1036      5F4D494E 
 1036      5F455850 
 1036      5F5F2028 
 1037 2a46 01       		.byte	0x1
 1038 2a47 00       		.uleb128 0
 1039 2a48 5F5F4445 		.ascii "__DEC128_MAX_EXP__ 6145\0"
 1039      43313238 
 1039      5F4D4158 
 1039      5F455850 
 1039      5F5F2036 
 1040 2a60 01       		.byte	0x1
 1041 2a61 00       		.uleb128 0
 1042 2a62 5F5F4445 		.ascii "__DEC128_MIN__ 1E-6143DL\0"
 1042      43313238 
 1042      5F4D494E 
 1042      5F5F2031 
 1042      452D3631 
 1043 2a7b 01       		.byte	0x1
 1044 2a7c 00       		.uleb128 0
 1045 2a7d 5F5F4445 		.ascii "__DEC128_MAX__ 9.999999999999999999999999999999999E6144DL\0"
 1045      43313238 
 1045      5F4D4158 
 1045      5F5F2039 
 1045      2E393939 
 1046 2ab7 01       		.byte	0x1
 1047 2ab8 00       		.uleb128 0
 1048 2ab9 5F5F4445 		.ascii "__DEC128_EPSILON__ 1E-33DL\0"
 1048      43313238 
 1048      5F455053 
 1048      494C4F4E 
 1048      5F5F2031 
 1049 2ad4 01       		.byte	0x1
 1050 2ad5 00       		.uleb128 0
 1051 2ad6 5F5F4445 		.ascii "__DEC128_SUBNORMAL_MIN__ 0.000000000000000000000000000000001E-6143DL\0"
 1051      43313238 
 1051      5F535542 
 1051      4E4F524D 
 1051      414C5F4D 
 1052 2b1b 01       		.byte	0x1
 1053 2b1c 00       		.uleb128 0
 1054 2b1d 5F5F5245 		.ascii "__REGISTER_PREFIX__ \0"
 1054      47495354 
 1054      45525F50 
 1054      52454649 
 1054      585F5F20 
 1055 2b32 01       		.byte	0x1
 1056 2b33 00       		.uleb128 0
 1057 2b34 5F5F5553 		.ascii "__USER_LABEL_PREFIX__ \0"
 1057      45525F4C 
 1057      4142454C 
 1057      5F505245 
 1057      4649585F 
 1058 2b4b 01       		.byte	0x1
 1059 2b4c 00       		.uleb128 0
 1060 2b4d 5F5F474E 		.ascii "__GNUC_STDC_INLINE__ 1\0"
 1060      55435F53 
 1060      5444435F 
 1060      494E4C49 
 1060      4E455F5F 
 1061 2b64 01       		.byte	0x1
 1062 2b65 00       		.uleb128 0
 1063 2b66 5F5F5354 		.ascii "__STRICT_ANSI__ 1\0"
 1063      52494354 
 1063      5F414E53 
 1063      495F5F20 
 1063      3100
 1064 2b78 01       		.byte	0x1
 1065 2b79 00       		.uleb128 0
 1066 2b7a 5F5F4743 		.ascii "__GCC_HAVE_SYNC_COMPARE_AND_SWAP_1 1\0"
 1066      435F4841 
 1066      56455F53 
 1066      594E435F 
 1066      434F4D50 
 1067 2b9f 01       		.byte	0x1
 1068 2ba0 00       		.uleb128 0
 1069 2ba1 5F5F4743 		.ascii "__GCC_HAVE_SYNC_COMPARE_AND_SWAP_2 1\0"
 1069      435F4841 
 1069      56455F53 
 1069      594E435F 
 1069      434F4D50 
 1070 2bc6 01       		.byte	0x1
 1071 2bc7 00       		.uleb128 0
 1072 2bc8 5F5F4743 		.ascii "__GCC_HAVE_SYNC_COMPARE_AND_SWAP_4 1\0"
 1072      435F4841 
 1072      56455F53 
 1072      594E435F 
 1072      434F4D50 
 1073 2bed 01       		.byte	0x1
 1074 2bee 00       		.uleb128 0
 1075 2bef 5F5F4743 		.ascii "__GCC_HAVE_SYNC_COMPARE_AND_SWAP_8 1\0"
 1075      435F4841 
 1075      56455F53 
 1075      594E435F 
 1075      434F4D50 
 1076 2c14 01       		.byte	0x1
 1077 2c15 00       		.uleb128 0
 1078 2c16 5F5F4743 		.ascii "__GCC_HAVE_SYNC_COMPARE_AND_SWAP_16 1\0"
 1078      435F4841 
 1078      56455F53 
 1078      594E435F 
 1078      434F4D50 
 1079 2c3c 01       		.byte	0x1
 1080 2c3d 00       		.uleb128 0
 1081 2c3e 5F5F4743 		.ascii "__GCC_ATOMIC_BOOL_LOCK_FREE 2\0"
 1081      435F4154 
 1081      4F4D4943 
 1081      5F424F4F 
 1081      4C5F4C4F 
 1082 2c5c 01       		.byte	0x1
 1083 2c5d 00       		.uleb128 0
 1084 2c5e 5F5F4743 		.ascii "__GCC_ATOMIC_CHAR_LOCK_FREE 2\0"
 1084      435F4154 
 1084      4F4D4943 
 1084      5F434841 
 1084      525F4C4F 
 1085 2c7c 01       		.byte	0x1
 1086 2c7d 00       		.uleb128 0
 1087 2c7e 5F5F4743 		.ascii "__GCC_ATOMIC_CHAR16_T_LOCK_FREE 2\0"
 1087      435F4154 
 1087      4F4D4943 
 1087      5F434841 
 1087      5231365F 
 1088 2ca0 01       		.byte	0x1
 1089 2ca1 00       		.uleb128 0
 1090 2ca2 5F5F4743 		.ascii "__GCC_ATOMIC_CHAR32_T_LOCK_FREE 2\0"
 1090      435F4154 
 1090      4F4D4943 
 1090      5F434841 
 1090      5233325F 
 1091 2cc4 01       		.byte	0x1
 1092 2cc5 00       		.uleb128 0
 1093 2cc6 5F5F4743 		.ascii "__GCC_ATOMIC_WCHAR_T_LOCK_FREE 2\0"
 1093      435F4154 
 1093      4F4D4943 
 1093      5F574348 
 1093      41525F54 
 1094 2ce7 01       		.byte	0x1
 1095 2ce8 00       		.uleb128 0
 1096 2ce9 5F5F4743 		.ascii "__GCC_ATOMIC_SHORT_LOCK_FREE 2\0"
 1096      435F4154 
 1096      4F4D4943 
 1096      5F53484F 
 1096      52545F4C 
 1097 2d08 01       		.byte	0x1
 1098 2d09 00       		.uleb128 0
 1099 2d0a 5F5F4743 		.ascii "__GCC_ATOMIC_INT_LOCK_FREE 2\0"
 1099      435F4154 
 1099      4F4D4943 
 1099      5F494E54 
 1099      5F4C4F43 
 1100 2d27 01       		.byte	0x1
 1101 2d28 00       		.uleb128 0
 1102 2d29 5F5F4743 		.ascii "__GCC_ATOMIC_LONG_LOCK_FREE 2\0"
 1102      435F4154 
 1102      4F4D4943 
 1102      5F4C4F4E 
 1102      475F4C4F 
 1103 2d47 01       		.byte	0x1
 1104 2d48 00       		.uleb128 0
 1105 2d49 5F5F4743 		.ascii "__GCC_ATOMIC_LLONG_LOCK_FREE 2\0"
 1105      435F4154 
 1105      4F4D4943 
 1105      5F4C4C4F 
 1105      4E475F4C 
 1106 2d68 01       		.byte	0x1
 1107 2d69 00       		.uleb128 0
 1108 2d6a 5F5F4743 		.ascii "__GCC_ATOMIC_TEST_AND_SET_TRUEVAL 1\0"
 1108      435F4154 
 1108      4F4D4943 
 1108      5F544553 
 1108      545F414E 
 1109 2d8e 01       		.byte	0x1
 1110 2d8f 00       		.uleb128 0
 1111 2d90 5F5F4743 		.ascii "__GCC_DESTRUCTIVE_SIZE 64\0"
 1111      435F4445 
 1111      53545255 
 1111      43544956 
 1111      455F5349 
 1112 2daa 01       		.byte	0x1
 1113 2dab 00       		.uleb128 0
 1114 2dac 5F5F4743 		.ascii "__GCC_CONSTRUCTIVE_SIZE 64\0"
 1114      435F434F 
 1114      4E535452 
 1114      55435449 
 1114      56455F53 
 1115 2dc7 01       		.byte	0x1
 1116 2dc8 00       		.uleb128 0
 1117 2dc9 5F5F4743 		.ascii "__GCC_ATOMIC_POINTER_LOCK_FREE 2\0"
 1117      435F4154 
 1117      4F4D4943 
 1117      5F504F49 
 1117      4E544552 
 1118 2dea 01       		.byte	0x1
 1119 2deb 00       		.uleb128 0
 1120 2dec 5F5F4841 		.ascii "__HAVE_SPECULATION_SAFE_VALUE 1\0"
 1120      56455F53 
 1120      50454355 
 1120      4C415449 
 1120      4F4E5F53 
 1121 2e0c 01       		.byte	0x1
 1122 2e0d 00       		.uleb128 0
 1123 2e0e 5F5F4743 		.ascii "__GCC_HAVE_DWARF2_CFI_ASM 1\0"
 1123      435F4841 
 1123      56455F44 
 1123      57415246 
 1123      325F4346 
 1124 2e2a 01       		.byte	0x1
 1125 2e2b 00       		.uleb128 0
 1126 2e2c 5F5F5052 		.ascii "__PRAGMA_REDEFINE_EXTNAME 1\0"
 1126      41474D41 
 1126      5F524544 
 1126      4546494E 
 1126      455F4558 
 1127 2e48 01       		.byte	0x1
 1128 2e49 00       		.uleb128 0
 1129 2e4a 5F5F5349 		.ascii "__SIZEOF_INT128__ 16\0"
 1129      5A454F46 
 1129      5F494E54 
 1129      3132385F 
 1129      5F203136 
 1130 2e5f 01       		.byte	0x1
 1131 2e60 00       		.uleb128 0
 1132 2e61 5F5F5349 		.ascii "__SIZEOF_WCHAR_T__ 2\0"
 1132      5A454F46 
 1132      5F574348 
 1132      41525F54 
 1132      5F5F2032 
 1133 2e76 01       		.byte	0x1
 1134 2e77 00       		.uleb128 0
 1135 2e78 5F5F5349 		.ascii "__SIZEOF_WINT_T__ 2\0"
 1135      5A454F46 
 1135      5F57494E 
 1135      545F545F 
 1135      5F203200 
 1136 2e8c 01       		.byte	0x1
 1137 2e8d 00       		.uleb128 0
 1138 2e8e 5F5F5349 		.ascii "__SIZEOF_PTRDIFF_T__ 8\0"
 1138      5A454F46 
 1138      5F505452 
 1138      44494646 
 1138      5F545F5F 
 1139 2ea5 01       		.byte	0x1
 1140 2ea6 00       		.uleb128 0
 1141 2ea7 5F5F616D 		.ascii "__amd64 1\0"
 1141      64363420 
 1141      3100
 1142 2eb1 01       		.byte	0x1
 1143 2eb2 00       		.uleb128 0
 1144 2eb3 5F5F616D 		.ascii "__amd64__ 1\0"
 1144      6436345F 
 1144      5F203100 
 1145 2ebf 01       		.byte	0x1
 1146 2ec0 00       		.uleb128 0
 1147 2ec1 5F5F7838 		.ascii "__x86_64 1\0"
 1147      365F3634 
 1147      203100
 1148 2ecc 01       		.byte	0x1
 1149 2ecd 00       		.uleb128 0
 1150 2ece 5F5F7838 		.ascii "__x86_64__ 1\0"
 1150      365F3634 
 1150      5F5F2031 
 1150      00
 1151 2edb 01       		.byte	0x1
 1152 2edc 00       		.uleb128 0
 1153 2edd 5F5F5349 		.ascii "__SIZEOF_FLOAT80__ 16\0"
 1153      5A454F46 
 1153      5F464C4F 
 1153      41543830 
 1153      5F5F2031 
 1154 2ef3 01       		.byte	0x1
 1155 2ef4 00       		.uleb128 0
 1156 2ef5 5F5F5349 		.ascii "__SIZEOF_FLOAT128__ 16\0"
 1156      5A454F46 
 1156      5F464C4F 
 1156      41543132 
 1156      385F5F20 
 1157 2f0c 01       		.byte	0x1
 1158 2f0d 00       		.uleb128 0
 1159 2f0e 5F5F4154 		.ascii "__ATOMIC_HLE_ACQUIRE 65536\0"
 1159      4F4D4943 
 1159      5F484C45 
 1159      5F414351 
 1159      55495245 
 1160 2f29 01       		.byte	0x1
 1161 2f2a 00       		.uleb128 0
 1162 2f2b 5F5F4154 		.ascii "__ATOMIC_HLE_RELEASE 131072\0"
 1162      4F4D4943 
 1162      5F484C45 
 1162      5F52454C 
 1162      45415345 
 1163 2f47 01       		.byte	0x1
 1164 2f48 00       		.uleb128 0
 1165 2f49 5F5F4743 		.ascii "__GCC_ASM_FLAG_OUTPUTS__ 1\0"
 1165      435F4153 
 1165      4D5F464C 
 1165      41475F4F 
 1165      55545055 
 1166 2f64 01       		.byte	0x1
 1167 2f65 00       		.uleb128 0
 1168 2f66 5F5F6E6F 		.ascii "__nocona 1\0"
 1168      636F6E61 
 1168      203100
 1169 2f71 01       		.byte	0x1
 1170 2f72 00       		.uleb128 0
 1171 2f73 5F5F6E6F 		.ascii "__nocona__ 1\0"
 1171      636F6E61 
 1171      5F5F2031 
 1171      00
 1172 2f80 01       		.byte	0x1
 1173 2f81 00       		.uleb128 0
 1174 2f82 5F5F636F 		.ascii "__code_model_medium__ 1\0"
 1174      64655F6D 
 1174      6F64656C 
 1174      5F6D6564 
 1174      69756D5F 
 1175 2f9a 01       		.byte	0x1
 1176 2f9b 00       		.uleb128 0
 1177 2f9c 5F5F4D4D 		.ascii "__MMX__ 1\0"
 1177      585F5F20 
 1177      3100
 1178 2fa6 01       		.byte	0x1
 1179 2fa7 00       		.uleb128 0
 1180 2fa8 5F5F5353 		.ascii "__SSE__ 1\0"
 1180      455F5F20 
 1180      3100
 1181 2fb2 01       		.byte	0x1
 1182 2fb3 00       		.uleb128 0
 1183 2fb4 5F5F5353 		.ascii "__SSE2__ 1\0"
 1183      45325F5F 
 1183      203100
 1184 2fbf 01       		.byte	0x1
 1185 2fc0 00       		.uleb128 0
 1186 2fc1 5F5F5353 		.ascii "__SSE3__ 1\0"
 1186      45335F5F 
 1186      203100
 1187 2fcc 01       		.byte	0x1
 1188 2fcd 00       		.uleb128 0
 1189 2fce 5F5F4658 		.ascii "__FXSR__ 1\0"
 1189      53525F5F 
 1189      203100
 1190 2fd9 01       		.byte	0x1
 1191 2fda 00       		.uleb128 0
 1192 2fdb 5F5F5353 		.ascii "__SSE_MATH__ 1\0"
 1192      455F4D41 
 1192      54485F5F 
 1192      203100
 1193 2fea 01       		.byte	0x1
 1194 2feb 00       		.uleb128 0
 1195 2fec 5F5F5353 		.ascii "__SSE2_MATH__ 1\0"
 1195      45325F4D 
 1195      4154485F 
 1195      5F203100 
 1196 2ffc 01       		.byte	0x1
 1197 2ffd 00       		.uleb128 0
 1198 2ffe 5F5F4D4D 		.ascii "__MMX_WITH_SSE__ 1\0"
 1198      585F5749 
 1198      54485F53 
 1198      53455F5F 
 1198      203100
 1199 3011 01       		.byte	0x1
 1200 3012 00       		.uleb128 0
 1201 3013 5F5F5345 		.ascii "__SEG_FS 1\0"
 1201      475F4653 
 1201      203100
 1202 301e 01       		.byte	0x1
 1203 301f 00       		.uleb128 0
 1204 3020 5F5F5345 		.ascii "__SEG_GS 1\0"
 1204      475F4753 
 1204      203100
 1205 302b 01       		.byte	0x1
 1206 302c 00       		.uleb128 0
 1207 302d 5F5F5345 		.ascii "__SEH__ 1\0"
 1207      485F5F20 
 1207      3100
 1208 3037 01       		.byte	0x1
 1209 3038 00       		.uleb128 0
 1210 3039 5F5F7374 		.ascii "__stdcall __attribute__((__stdcall__))\0"
 1210      6463616C 
 1210      6C205F5F 
 1210      61747472 
 1210      69627574 
 1211 3060 01       		.byte	0x1
 1212 3061 00       		.uleb128 0
 1213 3062 5F5F6661 		.ascii "__fastcall __attribute__((__fastcall__))\0"
 1213      73746361 
 1213      6C6C205F 
 1213      5F617474 
 1213      72696275 
 1214 308b 01       		.byte	0x1
 1215 308c 00       		.uleb128 0
 1216 308d 5F5F7468 		.ascii "__thiscall __attribute__((__thiscall__))\0"
 1216      69736361 
 1216      6C6C205F 
 1216      5F617474 
 1216      72696275 
 1217 30b6 01       		.byte	0x1
 1218 30b7 00       		.uleb128 0
 1219 30b8 5F5F6364 		.ascii "__cdecl __attribute__((__cdecl__))\0"
 1219      65636C20 
 1219      5F5F6174 
 1219      74726962 
 1219      7574655F 
 1220 30db 01       		.byte	0x1
 1221 30dc 00       		.uleb128 0
 1222 30dd 5F5F4758 		.ascii "__GXX_MERGED_TYPEINFO_NAMES 0\0"
 1222      585F4D45 
 1222      52474544 
 1222      5F545950 
 1222      45494E46 
 1223 30fb 01       		.byte	0x1
 1224 30fc 00       		.uleb128 0
 1225 30fd 5F5F4758 		.ascii "__GXX_TYPEINFO_EQUALITY_INLINE 0\0"
 1225      585F5459 
 1225      5045494E 
 1225      464F5F45 
 1225      5155414C 
 1226 311e 01       		.byte	0x1
 1227 311f 00       		.uleb128 0
 1228 3120 5F5F4D53 		.ascii "__MSVCRT__ 1\0"
 1228      56435254 
 1228      5F5F2031 
 1228      00
 1229 312d 01       		.byte	0x1
 1230 312e 00       		.uleb128 0
 1231 312f 5F5F4D49 		.ascii "__MINGW32__ 1\0"
 1231      4E475733 
 1231      325F5F20 
 1231      3100
 1232 313d 01       		.byte	0x1
 1233 313e 00       		.uleb128 0
 1234 313f 5F57494E 		.ascii "_WIN32 1\0"
 1234      33322031 
 1234      00
 1235 3148 01       		.byte	0x1
 1236 3149 00       		.uleb128 0
 1237 314a 5F5F5749 		.ascii "__WIN32 1\0"
 1237      4E333220 
 1237      3100
 1238 3154 01       		.byte	0x1
 1239 3155 00       		.uleb128 0
 1240 3156 5F5F5749 		.ascii "__WIN32__ 1\0"
 1240      4E33325F 
 1240      5F203100 
 1241 3162 01       		.byte	0x1
 1242 3163 00       		.uleb128 0
 1243 3164 5F5F5749 		.ascii "__WINNT 1\0"
 1243      4E4E5420 
 1243      3100
 1244 316e 01       		.byte	0x1
 1245 316f 00       		.uleb128 0
 1246 3170 5F5F5749 		.ascii "__WINNT__ 1\0"
 1246      4E4E545F 
 1246      5F203100 
 1247 317c 01       		.byte	0x1
 1248 317d 00       		.uleb128 0
 1249 317e 5F494E54 		.ascii "_INTEGRAL_MAX_BITS 64\0"
 1249      45475241 
 1249      4C5F4D41 
 1249      585F4249 
 1249      54532036 
 1250 3194 01       		.byte	0x1
 1251 3195 00       		.uleb128 0
 1252 3196 5F5F4D49 		.ascii "__MINGW64__ 1\0"
 1252      4E475736 
 1252      345F5F20 
 1252      3100
 1253 31a4 01       		.byte	0x1
 1254 31a5 00       		.uleb128 0
 1255 31a6 5F5F5749 		.ascii "__WIN64 1\0"
 1255      4E363420 
 1255      3100
 1256 31b0 01       		.byte	0x1
 1257 31b1 00       		.uleb128 0
 1258 31b2 5F5F5749 		.ascii "__WIN64__ 1\0"
 1258      4E36345F 
 1258      5F203100 
 1259 31be 01       		.byte	0x1
 1260 31bf 00       		.uleb128 0
 1261 31c0 5F57494E 		.ascii "_WIN64 1\0"
 1261      36342031 
 1261      00
 1262 31c9 01       		.byte	0x1
 1263 31ca 00       		.uleb128 0
 1264 31cb 5F5F6465 		.ascii "__declspec(x) __attribute__((x))\0"
 1264      636C7370 
 1264      65632878 
 1264      29205F5F 
 1264      61747472 
 1265 31ec 01       		.byte	0x1
 1266 31ed 00       		.uleb128 0
 1267 31ee 5F5F4445 		.ascii "__DECIMAL_BID_FORMAT__ 1\0"
 1267      43494D41 
 1267      4C5F4249 
 1267      445F464F 
 1267      524D4154 
 1268 3207 01       		.byte	0x1
 1269 3208 00       		.uleb128 0
 1270 3209 5F524545 		.ascii "_REENTRANT 1\0"
 1270      4E545241 
 1270      4E542031 
 1270      00
 1271 3216 01       		.byte	0x1
 1272 3217 00       		.uleb128 0
 1273 3218 474E555F 		.ascii "GNU_EFI_USE_MS_ABI 1\0"
 1273      4546495F 
 1273      5553455F 
 1273      4D535F41 
 1273      42492031 
 1274              		.file 1 "C:/Users/victim/Desktop/dangerous/yuziakicin/UEFI/UEFI/Backend/gnu-efi-3.0.18/lib/x86_64/
 1275 322d 03       		.byte	0x3
 1276 322e 00       		.uleb128 0
 1277 322f 01       		.uleb128 0x1
 1278 3230 04       		.byte	0x4
 1279 3231 00       		.byte	0
 1280              		.section	.debug_line,"dr"
 1281              	.Ldebug_line0:
 1282 0000 36000000 		.section	.debug_str,"dr"
 1282      05000800 
 1282      2E000000 
 1282      010101FB 
 1282      0E0D0001 
 1283              		.section	.debug_line_str,"dr"
 1284              	.LASF1:
 1285 0000 433A5C55 		.ascii "C:\\Users\\victim\\Desktop\\dangerous\\yuziakicin\\UEFI\\UEFI\\Backend\0"
 1285      73657273 
 1285      5C766963 
 1285      74696D5C 
 1285      4465736B 
 1286              	.LASF0:
 1287 003f 433A5C55 		.ascii "C:\\Users\\victim\\Desktop\\dangerous\\yuziakicin\\UEFI\\UEFI\\Backend\\gnu-efi-3.0.18\\li
 1287      73657273 
 1287      5C766963 
 1287      74696D5C 
 1287      4465736B 
 1288 00a3 433A2F55 		.ident	"GCC: (Rev3, Built by MSYS2 project) 13.2.0"
 1288      73657273 
 1288      2F766963 
 1288      74696D2F 
 1288      4465736B 
